node   1  (   0,    0) (   6,    3) (  11,    4) (  11,    5) (   9,    7) (   9,    9) (   9,    9) (   9,    9) (   9,    9) (   9,    9)
          (   9,    9) (   9,    9) (   9,    9) (   9,    9) (   9,    9) (   9,    9) (   9,    9) (   9,    9) (   9,    9) (   9,    9)
          (   9,    9) (   9,    9) (   9,    9) (   9,    9) (   9,    9) (   9,    9) (   9,    9) (   9,    9) (   9,    9) (   9,    9)
          (   9,    9) (   9,    9) (   9,    9) (   9,    9) (   9,    9) (   9,    9) (   9,    9) (   9,    9) (   9,    9) (   9,    9)
          (   9,    9) (   9,    9) (   9,    9) (   9,    9) (   9,    9) (   9,    9) (   9,    9) (   9,    9) (   9,    9) (   9,    9)
          (   9,    9) (   9,    9) (   9,    9) (   9,    9) (   9,    9) (   9,    9) (   9,    9) (   9,    9) (   9,    9) (   9,    9)
          (   9,    9) (   9,    9) (   9,    9) (   9,    9) (   9,    9) (   9,    9) (   9,    9) (   9,    9) (   9,    9) (   9,    9)
          (   9,    9) (   9,    9) (   9,    9) (   9,    9) (   9,    9) (   9,    9) (   9,    9) (   9,    9) (   9,    9) (   9,    9)
          (   9,    9) (   9,    9) (   9,    9) (   9,    9) (   9,    9) (   9,    9) (   9,    9) (   9,    9) (   9,    9) (   9,    9)
          (   9,    9) (   9,    9) (   9,    9) (   9,    9) (   9,    9) (   9,    9) (   9,    9) (   9,    9) (   9,    9) (   9,    9)
          (   9,    9) (   9,    9) (   9,    8) (   9,    8) (   9,    8) (   9,    8) (   9,    8) (   9,    8) (   9,    8) (   9,    8)
          (   9,    8) (   9,    8) (   9,    8) (   9,    8) (   9,    8) (   9,    8) (   9,    8) (   9,    8) (   9,    8) (   9,    8)
          (   9,    8) (   8,    8) (   8,    8) (   8,    8) (   8,    8) (   8,    8) (   8,    8) (   8,    8) (   8,    8) (   8,    8)
          (   8,    8) (   8,    8) (   8,    8) (   8,    8) (   8,    8) (   8,    8) (   8,    8) (   8,    8) (   8,    8) (   8,    8)
          (   8,    8) (   8,    8) (   8,    8) (   8,    8) (   8,    8) (   8,    8) (   8,    8) (   8,    8) (   8,    8) (   8,    8)
          (   8,    8) (   8,    8) (   8,    8) (   8,    8) (   8,    8) (   8,    8) (   8,    8) (   8,    8) (   8,    8) (   8,    8)
          (   8,    8) (   8,    8) (   8,    8) (   8,    8) (   8,    8) (   8,    8) (   8,    8) (   8,    8) (   8,    8) (   8,    8)
          (   8,    8) (   8,    8) (   8,    8) (   8,    8) (   8,    8) (   8,    8) (   8,    8) (   8,    8) (   8,    8) (   8,    8)
          (   8,    8) (   8,    8) (   8,    8) (   8,    8) (   8,    8) (   8,    8) (   8,    8) (   8,    8) (   8,    8) (   8,    8)
          (   8,    8) (   8,    8) (   8,    8) (   8,    8) (   8,    8) (   8,    8) (   8,    8) (   8,    8) (   8,    8) (   8,    8)
          (   8,    8) (   8,    8) (   8,    8) (   8,    8) (   8,    8) (   8,    8) (   8,    8) (   8,    8) (   8,    8) (   8,    8)
          (   8,    8) (   8,    8) (   8,    8) (   8,    8) (   8,    8) (   8,    8) (   8,    8) (   8,    8) (   8,    8) (   8,    8)
          (   8,    8) (   8,    8) (   8,    8) (   8,    8) (   8,    8) (   8,    8) (   8,    8) (   8,    8) (   8,    8) (   8,    8)
          (   8,    8) (   8,    8) (   8,    8) (   8,    8) (   8,    8) (   8,    8) (   8,    8) (   8,    8) (   8,    8) (   8,    8)
          (   8,    8) (   8,    8) (   8,    8) (   8,    8) (   8,    8) (   8,    8) (   8,    8) (   8,    8) (   8,    8) (   8,    8)
          (   8,    8) (   8,    8) (   8,    8) (   8,    8) (   8,    8) (   8,    8) (   8,    8) (   8,    8) (   8,    8) (   8,    8)
          (   8,    8) (   8,    8) (   8,    8) (   8,    8) (   8,    8) (   8,    8) (   8,    8) (   8,    8) (   8,    8) (   8,    8)
          (   8,    8) (   8,    8) (   8,    8) (   8,    8) (   8,    8) (   8,    8) (   8,    8) (   8,    8) (   8,    8) (   8,    8)
          (   8,    8) (   8,    8) (   8,    8) (   8,    8) (   8,    8) (   8,    8) (   8,    8) (   8,    8) (   8,    8) (   8,    8)
          (   8,    8) (   8,    8) (   8,    8) (   8,    8) (   8,    8) (   8,    8) (   8,    8) (   8,    8) (   8,    8) (   8,    8)
          (   8,    8) (   8,    8) (   8,    8) (   8,    8) (   8,    8) (   8,    8) (   8,    8) (   8,    8) (   8,    8) (   8,    8)
          (   8,    8) (   8,    8) (   8,    8) (   8,    8) (   8,    8) (   8,    8) (   8,    8) (   8,    8) (   8,    8) (   8,    8)
          (   8,    8) (   8,    8) (   8,    8) (   8,    8) (   8,    8) (   8,    8) (   8,    8) (   8,    8) (   8,    8) (   8,    8)
          (   8,    8) (   8,    8) (   8,    8) (   8,    8) (   8,    8) (   8,    8) (   8,    8) (   8,    8) (   8,    8) (   8,    8)
          (   8,    8) (   8,    8) (   8,    8) (   8,    8) (   8,    8) (   8,    8) (   8,    8) (   8,    8) (   8,    8) (   8,    8)
          (   8,    8) (   8,    8) (   8,    8) (   8,    8) (   8,    8) (   8,    8) (   8,    8) (   8,    8) (   8,    8) (   8,    8)
          (   8,    8) (   8,    8) (   8,    8) (   8,    8) (   8,    8) (   8,    8) (   8,    8) (   8,    8) (   8,    8) (   8,    8)
          (   8,    8) (   8,    8) (   8,    8) (   8,    8) (   8,    8) (   8,    8) (   8,    8) (   8,    8) (   8,    8) (   8,    8)
          (   8,    8) (   8,    8) (   8,    8) (   8,    8) (   8,    8) (   8,    8) (   8,    8) (   8,    8) (   8,    8) (   8,    8)
          (   8,    8) (   8,    8) (   8,    8) (   8,    8) (   8,    8) (   8,    8) (   8,    8) (   8,    8) (   8,    8) (   8,    8)
          (   8,    8) (   8,    8) (   8,    8) (   8,    8) (   8,    8) (   8,    8) (   8,    8) (   8,    8) (   8,    8) (   8,    8)
          (   8,    8) (   8,    8) (   8,    8) (   8,    8) (   8,    8) (   8,    8) (   8,    8) (   8,    8) (   8,    8) (   8,    8)
          (   8,    8) (   8,    8) (   8,    8) (   8,    8) (   8,    8) (   8,    8) (   8,    8) (   8,    8) (   8,    8) (   8,    8)
          (   8,    8) (   8,    8) (   8,    8) (   8,    8) (   8,    8) (   8,    8) (   8,    8) (   8,    8) (   8,    8) (   8,    8)
          (   8,    8) (   8,    8) (   8,    8) (   8,    8) (   8,    8) (   8,    8) (   8,    8) (   8,    8) (   8,    8) (   8,    8)
          (   8,    8) (   8,    8) (   8,    8) (   8,    8) (   8,    8) (   8,    8) (   8,    8) (   8,    8) (   8,    8) (   8,    8)
          (   8,    8) (   8,    8) (   8,    8) (   8,    8) (   8,    8) (   8,    8) (   8,    8) (   8,    8) (   8,    8) (   8,    8)
          (   8,    8) (   8,    8) (   8,    8) (   8,    8) (   8,    8) (   8,    8) (   8,    8) (   8,    8) (   8,    8) (   8,    8)
          (   8,    8) (   8,    8) (   8,    8) (   8,    8) (   8,    8) (   8,    8) (   8,    8) (   8,    8) (   8,    8) (   8,    8)
          (   8,    8) (   8,    8) (   8,    8) (   8,    8) (   8,    8) (   8,    8) (   8,    8) (   8,    8) (   8,    8) (   8,    8)
          (   8,    8) (   8,    8) (   8,    8) (   8,    8) (   8,    8) (   8,    8) (   8,    8) (   8,    8) (   8,    8) (   8,    8)
          (   8,    8) (   8,    8) (   8,    8) (   8,    8) (   8,    8) (   8,    8) (   8,    8) (   8,    8) (   8,    8) (   8,    8)
          (   8,    8) (   8,    8) (   8,    8) (   8,    8) (   8,    8) (   8,    8) (   8,    8) (   8,    8) (   8,    8) (   8,    8)
          (   8,    8) (   8,    8) (   8,    8) (   8,    8) (   8,    8) (   8,    8) (   8,    8) (   8,    8) (   8,    8) (   8,    8)
          (   8,    8) (   8,    8) (   8,    8) (   8,    8) (   8,    8) (   8,    8) (   8,    8) (   8,    8) (   8,    8) (   8,    8)
          (   8,    8) (   8,    8) (   8,    8) (   8,    8) (   8,    8) (   8,    8) (   8,    8) (   8,    8) (   8,    8) (   8,    8)
          (   8,    8) (   8,    8) (   8,    8) (   8,    8) (   8,    8) (   8,    8) (   8,    8) (   8,    8) (   8,    8) (   8,    8)
          (   8,    8) (   8,    8) (   8,    8) (   8,    8) (   8,    8) (   8,    8) (   8,    8) (   8,    8) (   8,    8) (   8,    8)
          (   8,    8) (   8,    8) (   8,    8) (   8,    8) (   8,    8) (   8,    8) (   8,    8) (   8,    8) (   8,    8) (   8,    8)
          (   8,    8) (   8,    8) (   8,    8) (   8,    8) (   8,    8) (   8,    8) (   8,    8) (   8,    8) (   8,    8) (   8,    8)
          (   8,    8) (   8,    8) (   8,    8) (   8,    8) (   8,    8) (   8,    8) (   8,    8) (   8,    8) (   8,    8) (   8,    8)
          (   8,    8) (   8,    8) (   8,    8) (   8,    8) (   8,    8) (   8,    8) (   8,    8) (   8,    8) (   8,    8) (   8,    8)
          (   8,    8) (   8,    8) (   8,    8) (   8,    8) (   8,    8) (   8,    8) (   8,    8) (   8,    8) (   8,    8) (   8,    8)
          (   8,    8) (   8,    8) (   8,    8) (   8,    8) (   8,    8) (   8,    8) (   8,    8) (   8,    8) (   8,    8) (   8,    8)
          (   8,    8) (   8,    8) (   8,    8) (   8,    8) (   8,    8) (   8,    8) (   8,    8) (   8,    8) (   8,    8) (   8,    8)
          (   8,    8) (   8,    8) (   8,    8) (   8,    8) (   8,    8) (   8,    8) (   8,    8) (   8,    8) (   8,    8) (   8,    8)
          (   8,    8) (   8,    8) (   8,    8) (   8,    8) (   8,    8) (   8,    8) (   8,    8) (   8,    8) (   8,    8) (   8,    8)
          (   8,    8) (   8,    8) (   8,    8) (   8,    8) (   8,    8) (   8,    8) (   8,    8) (   8,    8) (   8,    8) (   8,    8)
          (   8,    8) (   8,    8) (   8,    8) (   8,    8) (   8,    8) (   8,    8) (   8,    8) (   8,    8) (   8,    8) (   8,    8)
          (   8,    8) (   8,    8) (   8,    8) (   8,    8) (   8,    8) (   8,    8) (   8,    8) (   8,    8) (   8,    8) (   8,    8)
         
node   1 sent_total   5713  recv_total   5676

node   2  (   1,    0) (   0,    0) (   3,    2) (   7,    3) (   9,    7) (   9,    9) (   9,    9) (   9,    9) (   9,    9) (   9,    9)
          (   9,    9) (   9,    9) (   9,    9) (   9,    9) (   9,    9) (   9,    9) (   9,    9) (   9,    9) (   9,    9) (   9,    9)
          (   9,    9) (   9,    9) (   9,    9) (   9,    9) (   9,    9) (   9,    9) (   9,    9) (   9,    9) (   9,    9) (   9,    9)
          (   9,    9) (   9,    9) (   9,    9) (   9,    9) (   9,    9) (   9,    9) (   9,    9) (   9,    9) (   9,    9) (   9,    9)
          (   9,    9) (   9,    9) (   9,    9) (   9,    9) (   9,    9) (   9,    9) (   9,    9) (   9,    9) (   9,    9) (   9,    9)
          (   9,    9) (   9,    9) (   9,    9) (   9,    9) (   9,    9) (   9,    9) (   9,    9) (   9,    9) (   9,    9) (   9,    9)
          (   9,    9) (   9,    9) (   9,    9) (   9,    9) (   9,    9) (   9,    9) (   9,    9) (   9,    9) (   9,    9) (   9,    9)
          (   9,    9) (   9,    9) (   9,    9) (   9,    9) (   9,    9) (   9,    9) (   9,    9) (   9,    9) (   9,    9) (   9,    9)
          (   9,    9) (   9,    9) (   9,    9) (   9,    9) (   9,    9) (   9,    9) (   9,    9) (   9,    9) (   9,    9) (   9,    9)
          (   9,    9) (   9,    9) (   9,    9) (   9,    9) (   9,    9) (   9,    9) (   9,    9) (   9,    9) (   9,    9) (   9,    9)
          (   9,    9) (   9,    9) (   9,    8) (   9,    8) (   9,    8) (   9,    8) (   9,    8) (   9,    8) (   9,    8) (   9,    8)
          (   9,    8) (   9,    8) (   9,    8) (   9,    8) (   9,    8) (   9,    8) (   9,    8) (   9,    8) (   9,    8) (   9,    8)
          (   9,    8) (   8,    8) (   8,    8) (   8,    8) (   8,    8) (   8,    8) (   8,    8) (   8,    8) (   8,    8) (   8,    8)
          (   8,    8) (   8,    8) (   8,    8) (   8,    8) (   8,    8) (   8,    8) (   8,    8) (   8,    8) (   8,    8) (   8,    8)
          (   8,    8) (   8,    8) (   8,    8) (   8,    8) (   8,    8) (   8,    8) (   8,    8) (   8,    8) (   8,    8) (   8,    8)
          (   8,    8) (   8,    8) (   8,    8) (   8,    8) (   8,    8) (   8,    8) (   8,    8) (   8,    8) (   8,    8) (   8,    8)
          (   8,    8) (   8,    8) (   8,    8) (   8,    8) (   8,    8) (   8,    8) (   8,    8) (   8,    8) (   8,    8) (   8,    8)
          (   8,    8) (   8,    8) (   8,    8) (   8,    8) (   8,    8) (   8,    8) (   8,    8) (   8,    8) (   8,    8) (   8,    8)
          (   8,    8) (   8,    8) (   8,    8) (   8,    8) (   8,    8) (   8,    8) (   8,    8) (   8,    8) (   8,    8) (   8,    8)
          (   8,    8) (   8,    8) (   8,    8) (   8,    8) (   8,    8) (   8,    8) (   8,    8) (   8,    8) (   8,    8) (   8,    8)
          (   8,    8) (   8,    8) (   8,    8) (   8,    8) (   8,    8) (   8,    8) (   8,    8) (   8,    8) (   8,    8) (   8,    8)
          (   8,    8) (   8,    8) (   8,    8) (   8,    8) (   8,    8) (   8,    8) (   8,    8) (   8,    8) (   8,    8) (   8,    8)
          (   8,    8) (   8,    8) (   8,    8) (   8,    8) (   8,    8) (   8,    8) (   8,    8) (   8,    8) (   8,    8) (   8,    8)
          (   8,    8) (   8,    8) (   8,    8) (   8,    8) (   8,    8) (   8,    8) (   8,    8) (   8,    8) (   8,    8) (   8,    8)
          (   8,    8) (   8,    8) (   8,    8) (   8,    8) (   8,    8) (   8,    8) (   8,    8) (   8,    8) (   8,    8) (   8,    8)
          (   8,    8) (   8,    8) (   8,    8) (   8,    8) (   8,    8) (   8,    8) (   8,    8) (   8,    8) (   8,    8) (   8,    8)
          (   8,    8) (   8,    8) (   8,    8) (   8,    8) (   8,    8) (   8,    8) (   8,    8) (   8,    8) (   8,    8) (   8,    8)
          (   8,    8) (   8,    8) (   8,    8) (   8,    8) (   8,    8) (   8,    8) (   8,    8) (   8,    8) (   8,    8) (   8,    8)
          (   8,    8) (   8,    8) (   8,    8) (   8,    8) (   8,    8) (   8,    8) (   8,    8) (   8,    8) (   8,    8) (   8,    8)
          (   8,    8) (   8,    8) (   8,    8) (   8,    8) (   8,    8) (   8,    8) (   8,    8) (   8,    8) (   8,    8) (   8,    8)
          (   8,    8) (   8,    8) (   8,    8) (   8,    8) (   8,    8) (   8,    8) (   8,    8) (   8,    8) (   8,    8) (   8,    8)
          (   8,    8) (   8,    8) (   8,    8) (   8,    8) (   8,    8) (   8,    8) (   8,    8) (   8,    8) (   8,    8) (   8,    8)
          (   8,    8) (   8,    8) (   8,    8) (   8,    8) (   8,    8) (   8,    8) (   8,    8) (   8,    8) (   8,    8) (   8,    8)
          (   8,    8) (   8,    8) (   8,    8) (   8,    8) (   8,    8) (   8,    8) (   8,    8) (   8,    8) (   8,    8) (   8,    8)
          (   8,    8) (   8,    8) (   8,    8) (   8,    8) (   8,    8) (   8,    8) (   8,    8) (   8,    8) (   8,    8) (   8,    8)
          (   8,    8) (   8,    8) (   8,    8) (   8,    8) (   8,    8) (   8,    8) (   8,    8) (   8,    8) (   8,    8) (   8,    8)
          (   8,    8) (   8,    8) (   8,    8) (   8,    8) (   8,    8) (   8,    8) (   8,    8) (   8,    8) (   8,    8) (   8,    8)
          (   8,    8) (   8,    8) (   8,    8) (   8,    8) (   8,    8) (   8,    8) (   8,    8) (   8,    8) (   8,    8) (   8,    8)
          (   8,    8) (   8,    8) (   8,    8) (   8,    8) (   8,    8) (   8,    8) (   8,    8) (   8,    8) (   8,    8) (   8,    8)
          (   8,    8) (   8,    8) (   8,    8) (   8,    8) (   8,    8) (   8,    8) (   8,    8) (   8,    8) (   8,    8) (   8,    8)
          (   8,    8) (   8,    8) (   8,    8) (   8,    8) (   8,    8) (   8,    8) (   8,    8) (   8,    8) (   8,    8) (   8,    8)
          (   8,    8) (   8,    8) (   8,    8) (   8,    8) (   8,    8) (   8,    8) (   8,    8) (   8,    8) (   8,    8) (   8,    8)
          (   8,    8) (   8,    8) (   8,    8) (   8,    8) (   8,    8) (   8,    8) (   8,    8) (   8,    8) (   8,    8) (   8,    8)
          (   8,    8) (   8,    8) (   8,    8) (   8,    8) (   8,    8) (   8,    8) (   8,    8) (   8,    8) (   8,    8) (   8,    8)
          (   8,    8) (   8,    8) (   8,    8) (   8,    8) (   8,    8) (   8,    8) (   8,    8) (   8,    8) (   8,    8) (   8,    8)
          (   8,    8) (   8,    8) (   8,    8) (   8,    8) (   8,    8) (   8,    8) (   8,    8) (   8,    8) (   8,    8) (   8,    8)
          (   8,    8) (   8,    8) (   8,    8) (   8,    8) (   8,    8) (   8,    8) (   8,    8) (   8,    8) (   8,    8) (   8,    8)
          (   8,    8) (   8,    8) (   8,    8) (   8,    8) (   8,    8) (   8,    8) (   8,    8) (   8,    8) (   8,    8) (   8,    8)
          (   8,    8) (   8,    8) (   8,    8) (   8,    8) (   8,    8) (   8,    8) (   8,    8) (   8,    8) (   8,    8) (   8,    8)
          (   8,    8) (   8,    8) (   8,    8) (   8,    8) (   8,    8) (   8,    8) (   8,    8) (   8,    8) (   8,    8) (   8,    8)
          (   8,    8) (   8,    8) (   8,    8) (   8,    8) (   8,    8) (   8,    8) (   8,    8) (   8,    8) (   8,    8) (   8,    8)
          (   8,    8) (   8,    8) (   8,    8) (   8,    8) (   8,    8) (   8,    8) (   8,    8) (   8,    8) (   8,    8) (   8,    8)
          (   8,    8) (   8,    8) (   8,    8) (   8,    8) (   8,    8) (   8,    8) (   8,    8) (   8,    8) (   8,    8) (   8,    8)
          (   8,    8) (   8,    8) (   8,    8) (   8,    8) (   8,    8) (   8,    8) (   8,    8) (   8,    8) (   8,    8) (   8,    8)
          (   8,    8) (   8,    8) (   8,    8) (   8,    8) (   8,    8) (   8,    8) (   8,    8) (   8,    8) (   8,    8) (   8,    8)
          (   8,    8) (   8,    8) (   8,    8) (   8,    8) (   8,    8) (   8,    8) (   8,    8) (   8,    8) (   8,    8) (   8,    8)
          (   8,    8) (   8,    8) (   8,    8) (   8,    8) (   8,    8) (   8,    8) (   8,    8) (   8,    8) (   8,    8) (   8,    8)
          (   8,    8) (   8,    8) (   8,    8) (   8,    8) (   8,    8) (   8,    8) (   8,    8) (   8,    8) (   8,    8) (   8,    8)
          (   8,    8) (   8,    8) (   8,    8) (   8,    8) (   8,    8) (   8,    8) (   8,    8) (   8,    8) (   8,    8) (   8,    8)
          (   8,    8) (   8,    8) (   8,    8) (   8,    8) (   8,    8) (   8,    8) (   8,    8) (   8,    8) (   8,    8) (   8,    8)
          (   8,    8) (   8,    8) (   8,    8) (   8,    8) (   8,    8) (   8,    8) (   8,    8) (   8,    8) (   8,    8) (   8,    8)
          (   8,    8) (   8,    8) (   8,    8) (   8,    8) (   8,    8) (   8,    8) (   8,    8) (   8,    8) (   8,    8) (   8,    8)
          (   8,    8) (   8,    8) (   8,    8) (   8,    8) (   8,    8) (   8,    8) (   8,    8) (   8,    8) (   8,    8) (   8,    8)
          (   8,    8) (   8,    8) (   8,    8) (   8,    8) (   8,    8) (   8,    8) (   8,    8) (   8,    8) (   8,    8) (   8,    8)
          (   8,    8) (   8,    8) (   8,    8) (   8,    8) (   8,    8) (   8,    8) (   8,    8) (   8,    8) (   8,    8) (   8,    8)
          (   8,    8) (   8,    8) (   8,    8) (   8,    8) (   8,    8) (   8,    8) (   8,    8) (   8,    8) (   8,    8) (   8,    8)
          (   8,    8) (   8,    8) (   8,    8) (   8,    8) (   8,    8) (   8,    8) (   8,    8) (   8,    8) (   8,    8) (   8,    8)
          (   8,    8) (   8,    8) (   8,    8) (   8,    8) (   8,    8) (   8,    8) (   8,    8) (   8,    8) (   8,    8) (   8,    8)
          (   8,    8) (   8,    8) (   8,    8) (   8,    8) (   8,    8) (   8,    8) (   8,    8) (   8,    8) (   8,    8) (   8,    8)
          (   8,    8) (   8,    8) (   8,    8) (   8,    8) (   8,    8) (   8,    8) (   8,    8) (   8,    8) (   8,    8) (   8,    8)
         
node   2 sent_total   5696  recv_total   5669

node   3  (   1,    0) (   0,    0) (   3,    2) (   7,    3) (   9,    7) (   9,    9) (   9,    9) (   9,    9) (   9,    9) (   9,    9)
          (   9,    9) (   9,    9) (   9,    9) (   9,    9) (   9,    9) (   9,    9) (   9,    9) (   9,    9) (   9,    9) (   9,    9)
          (   9,    9) (   9,    9) (   9,    9) (   9,    9) (   9,    9) (   9,    9) (   9,    9) (   9,    9) (   9,    9) (   9,    9)
          (   9,    9) (   9,    9) (   9,    9) (   9,    9) (   9,    9) (   9,    9) (   9,    9) (   9,    9) (   9,    9) (   9,    9)
          (   9,    9) (   9,    9) (   9,    9) (   9,    9) (   9,    9) (   9,    9) (   9,    9) (   9,    9) (   9,    9) (   9,    9)
          (   9,    9) (   9,    9) (   9,    9) (   9,    9) (   9,    9) (   9,    9) (   9,    9) (   9,    9) (   9,    9) (   9,    9)
          (   9,    9) (   9,    9) (   9,    9) (   9,    9) (   9,    9) (   9,    9) (   9,    9) (   9,    9) (   9,    9) (   9,    9)
          (   9,    9) (   9,    9) (   9,    9) (   9,    9) (   9,    9) (   9,    9) (   9,    9) (   9,    9) (   9,    9) (   9,    9)
          (   9,    9) (   9,    9) (   9,    9) (   9,    9) (   9,    9) (   9,    9) (   9,    9) (   9,    9) (   9,    9) (   9,    9)
          (   9,    9) (   9,    9) (   9,    9) (   9,    9) (   9,    9) (   9,    9) (   9,    9) (   9,    9) (   9,    9) (   9,    9)
          (   9,    9) (   9,    9) (   9,    8) (   9,    8) (   9,    8) (   9,    8) (   9,    8) (   9,    8) (   9,    8) (   9,    8)
          (   9,    8) (   9,    8) (   9,    8) (   9,    8) (   9,    8) (   9,    8) (   9,    8) (   9,    8) (   9,    8) (   9,    8)
          (   9,    8) (   8,    8) (   8,    8) (   8,    8) (   8,    8) (   8,    8) (   8,    8) (   8,    8) (   8,    8) (   8,    8)
          (   8,    8) (   8,    8) (   8,    8) (   8,    8) (   8,    8) (   8,    8) (   8,    8) (   8,    8) (   8,    8) (   8,    8)
          (   8,    8) (   8,    8) (   8,    8) (   8,    8) (   8,    8) (   8,    8) (   8,    8) (   8,    8) (   8,    8) (   8,    8)
          (   8,    8) (   8,    8) (   8,    8) (   8,    8) (   8,    8) (   8,    8) (   8,    8) (   8,    8) (   8,    8) (   8,    8)
          (   8,    8) (   8,    8) (   8,    8) (   8,    8) (   8,    8) (   8,    8) (   8,    8) (   8,    8) (   8,    8) (   8,    8)
          (   8,    8) (   8,    8) (   8,    8) (   8,    8) (   8,    8) (   8,    8) (   8,    8) (   8,    8) (   8,    8) (   8,    8)
          (   8,    8) (   8,    8) (   8,    8) (   8,    8) (   8,    8) (   8,    8) (   8,    8) (   8,    8) (   8,    8) (   8,    8)
          (   8,    8) (   8,    8) (   8,    8) (   8,    8) (   8,    8) (   8,    8) (   8,    8) (   8,    8) (   8,    8) (   8,    8)
          (   8,    8) (   8,    8) (   8,    8) (   8,    8) (   8,    8) (   8,    8) (   8,    8) (   8,    8) (   8,    8) (   8,    8)
          (   8,    8) (   8,    8) (   8,    8) (   8,    8) (   8,    8) (   8,    8) (   8,    8) (   8,    8) (   8,    8) (   8,    8)
          (   8,    8) (   8,    8) (   8,    8) (   8,    8) (   8,    8) (   8,    8) (   8,    8) (   8,    8) (   8,    8) (   8,    8)
          (   8,    8) (   8,    8) (   8,    8) (   8,    8) (   8,    8) (   8,    8) (   8,    8) (   8,    8) (   8,    8) (   8,    8)
          (   8,    8) (   8,    8) (   8,    8) (   8,    8) (   8,    8) (   8,    8) (   8,    8) (   8,    8) (   8,    8) (   8,    8)
          (   8,    8) (   8,    8) (   8,    8) (   8,    8) (   8,    8) (   8,    8) (   8,    8) (   8,    8) (   8,    8) (   8,    8)
          (   8,    8) (   8,    8) (   8,    8) (   8,    8) (   8,    8) (   8,    8) (   8,    8) (   8,    8) (   8,    8) (   8,    8)
          (   8,    8) (   8,    8) (   8,    8) (   8,    8) (   8,    8) (   8,    8) (   8,    8) (   8,    8) (   8,    8) (   8,    8)
          (   8,    8) (   8,    8) (   8,    8) (   8,    8) (   8,    8) (   8,    8) (   8,    8) (   8,    8) (   8,    8) (   8,    8)
          (   8,    8) (   8,    8) (   8,    8) (   8,    8) (   8,    8) (   8,    8) (   8,    8) (   8,    8) (   8,    8) (   8,    8)
          (   8,    8) (   8,    8) (   8,    8) (   8,    8) (   8,    8) (   8,    8) (   8,    8) (   8,    8) (   8,    8) (   8,    8)
          (   8,    8) (   8,    8) (   8,    8) (   8,    8) (   8,    8) (   8,    8) (   8,    8) (   8,    8) (   8,    8) (   8,    8)
          (   8,    8) (   8,    8) (   8,    8) (   8,    8) (   8,    8) (   8,    8) (   8,    8) (   8,    8) (   8,    8) (   8,    8)
          (   8,    8) (   8,    8) (   8,    8) (   8,    8) (   8,    8) (   8,    8) (   8,    8) (   8,    8) (   8,    8) (   8,    8)
          (   8,    8) (   8,    8) (   8,    8) (   8,    8) (   8,    8) (   8,    8) (   8,    8) (   8,    8) (   8,    8) (   8,    8)
          (   8,    8) (   8,    8) (   8,    8) (   8,    8) (   8,    8) (   8,    8) (   8,    8) (   8,    8) (   8,    8) (   8,    8)
          (   8,    8) (   8,    8) (   8,    8) (   8,    8) (   8,    8) (   8,    8) (   8,    8) (   8,    8) (   8,    8) (   8,    8)
          (   8,    8) (   8,    8) (   8,    8) (   8,    8) (   8,    8) (   8,    8) (   8,    8) (   8,    8) (   8,    8) (   8,    8)
          (   8,    8) (   8,    8) (   8,    8) (   8,    8) (   8,    8) (   8,    8) (   8,    8) (   8,    8) (   8,    8) (   8,    8)
          (   8,    8) (   8,    8) (   8,    8) (   8,    8) (   8,    8) (   8,    8) (   8,    8) (   8,    8) (   8,    8) (   8,    8)
          (   8,    8) (   8,    8) (   8,    8) (   8,    8) (   8,    8) (   8,    8) (   8,    8) (   8,    8) (   8,    8) (   8,    8)
          (   8,    8) (   8,    8) (   8,    8) (   8,    8) (   8,    8) (   8,    8) (   8,    8) (   8,    8) (   8,    8) (   8,    8)
          (   8,    8) (   8,    8) (   8,    8) (   8,    8) (   8,    8) (   8,    8) (   8,    8) (   8,    8) (   8,    8) (   8,    8)
          (   8,    8) (   8,    8) (   8,    8) (   8,    8) (   8,    8) (   8,    8) (   8,    8) (   8,    8) (   8,    8) (   8,    8)
          (   8,    8) (   8,    8) (   8,    8) (   8,    8) (   8,    8) (   8,    8) (   8,    8) (   8,    8) (   8,    8) (   8,    8)
          (   8,    8) (   8,    8) (   8,    8) (   8,    8) (   8,    8) (   8,    8) (   8,    8) (   8,    8) (   8,    8) (   8,    8)
          (   8,    8) (   8,    8) (   8,    8) (   8,    8) (   8,    8) (   8,    8) (   8,    8) (   8,    8) (   8,    8) (   8,    8)
          (   8,    8) (   8,    8) (   8,    8) (   8,    8) (   8,    8) (   8,    8) (   8,    8) (   8,    8) (   8,    8) (   8,    8)
          (   8,    8) (   8,    8) (   8,    8) (   8,    8) (   8,    8) (   8,    8) (   8,    8) (   8,    8) (   8,    8) (   8,    8)
          (   8,    8) (   8,    8) (   8,    8) (   8,    8) (   8,    8) (   8,    8) (   8,    8) (   8,    8) (   8,    8) (   8,    8)
          (   8,    8) (   8,    8) (   8,    8) (   8,    8) (   8,    8) (   8,    8) (   8,    8) (   8,    8) (   8,    8) (   8,    8)
          (   8,    8) (   8,    8) (   8,    8) (   8,    8) (   8,    8) (   8,    8) (   8,    8) (   8,    8) (   8,    8) (   8,    8)
          (   8,    8) (   8,    8) (   8,    8) (   8,    8) (   8,    8) (   8,    8) (   8,    8) (   8,    8) (   8,    8) (   8,    8)
          (   8,    8) (   8,    8) (   8,    8) (   8,    8) (   8,    8) (   8,    8) (   8,    8) (   8,    8) (   8,    8) (   8,    8)
          (   8,    8) (   8,    8) (   8,    8) (   8,    8) (   8,    8) (   8,    8) (   8,    8) (   8,    8) (   8,    8) (   8,    8)
          (   8,    8) (   8,    8) (   8,    8) (   8,    8) (   8,    8) (   8,    8) (   8,    8) (   8,    8) (   8,    8) (   8,    8)
          (   8,    8) (   8,    8) (   8,    8) (   8,    8) (   8,    8) (   8,    8) (   8,    8) (   8,    8) (   8,    8) (   8,    8)
          (   8,    8) (   8,    8) (   8,    8) (   8,    8) (   8,    8) (   8,    8) (   8,    8) (   8,    8) (   8,    8) (   8,    8)
          (   8,    8) (   8,    8) (   8,    8) (   8,    8) (   8,    8) (   8,    8) (   8,    8) (   8,    8) (   8,    8) (   8,    8)
          (   8,    8) (   8,    8) (   8,    8) (   8,    8) (   8,    8) (   8,    8) (   8,    8) (   8,    8) (   8,    8) (   8,    8)
          (   8,    8) (   8,    8) (   8,    8) (   8,    8) (   8,    8) (   8,    8) (   8,    8) (   8,    8) (   8,    8) (   8,    8)
          (   8,    8) (   8,    8) (   8,    8) (   8,    8) (   8,    8) (   8,    8) (   8,    8) (   8,    8) (   8,    8) (   8,    8)
          (   8,    8) (   8,    8) (   8,    8) (   8,    8) (   8,    8) (   8,    8) (   8,    8) (   8,    8) (   8,    8) (   8,    8)
          (   8,    8) (   8,    8) (   8,    8) (   8,    8) (   8,    8) (   8,    8) (   8,    8) (   8,    8) (   8,    8) (   8,    8)
          (   8,    8) (   8,    8) (   8,    8) (   8,    8) (   8,    8) (   8,    8) (   8,    8) (   8,    8) (   8,    8) (   8,    8)
          (   8,    8) (   8,    8) (   8,    8) (   8,    8) (   8,    8) (   8,    8) (   8,    8) (   8,    8) (   8,    8) (   8,    8)
          (   8,    8) (   8,    8) (   8,    8) (   8,    8) (   8,    8) (   8,    8) (   8,    8) (   8,    8) (   8,    8) (   8,    8)
          (   8,    8) (   8,    8) (   8,    8) (   8,    8) (   8,    8) (   8,    8) (   8,    8) (   8,    8) (   8,    8) (   8,    8)
          (   8,    8) (   8,    8) (   8,    8) (   8,    8) (   8,    8) (   8,    8) (   8,    8) (   8,    8) (   8,    8) (   8,    8)
          (   8,    8) (   8,    8) (   8,    8) (   8,    8) (   8,    8) (   8,    8) (   8,    8) (   8,    8) (   8,    8) (   8,    8)
         
node   3 sent_total   5696  recv_total   5669

node   4  (   1,    0) (   0,    0) (   3,    2) (   7,    3) (   9,    7) (   9,    9) (   9,    9) (   9,    9) (   9,    9) (   9,    9)
          (   9,    9) (   9,    9) (   9,    9) (   9,    9) (   9,    9) (   9,    9) (   9,    9) (   9,    9) (   9,    9) (   9,    9)
          (   9,    9) (   9,    9) (   9,    9) (   9,    9) (   9,    9) (   9,    9) (   9,    9) (   9,    9) (   9,    9) (   9,    9)
          (   9,    9) (   9,    9) (   9,    9) (   9,    9) (   9,    9) (   9,    9) (   9,    9) (   9,    9) (   9,    9) (   9,    9)
          (   9,    9) (   9,    9) (   9,    9) (   9,    9) (   9,    9) (   9,    9) (   9,    9) (   9,    9) (   9,    9) (   9,    9)
          (   9,    9) (   9,    9) (   9,    9) (   9,    9) (   9,    9) (   9,    9) (   9,    9) (   9,    9) (   9,    9) (   9,    9)
          (   9,    9) (   9,    9) (   9,    9) (   9,    9) (   9,    9) (   9,    9) (   9,    9) (   9,    9) (   9,    9) (   9,    9)
          (   9,    9) (   9,    9) (   9,    9) (   9,    9) (   9,    9) (   9,    9) (   9,    9) (   9,    9) (   9,    9) (   9,    9)
          (   9,    9) (   9,    9) (   9,    9) (   9,    9) (   9,    9) (   9,    9) (   9,    9) (   9,    9) (   9,    9) (   9,    9)
          (   9,    9) (   9,    9) (   9,    9) (   9,    9) (   9,    9) (   9,    9) (   9,    9) (   9,    9) (   9,    9) (   9,    9)
          (   9,    9) (   9,    9) (   9,    8) (   9,    8) (   9,    8) (   9,    8) (   9,    8) (   9,    8) (   9,    8) (   9,    8)
          (   9,    8) (   9,    8) (   9,    8) (   9,    8) (   9,    8) (   9,    8) (   9,    8) (   9,    8) (   9,    8) (   9,    8)
          (   9,    8) (   8,    8) (   8,    8) (   8,    8) (   8,    8) (   8,    8) (   8,    8) (   8,    8) (   8,    8) (   8,    8)
          (   8,    8) (   8,    8) (   8,    8) (   8,    8) (   8,    8) (   8,    8) (   8,    8) (   8,    8) (   8,    8) (   8,    8)
          (   8,    8) (   8,    8) (   8,    8) (   8,    8) (   8,    8) (   8,    8) (   8,    8) (   8,    8) (   8,    8) (   8,    8)
          (   8,    8) (   8,    8) (   8,    8) (   8,    8) (   8,    8) (   8,    8) (   8,    8) (   8,    8) (   8,    8) (   8,    8)
          (   8,    8) (   8,    8) (   8,    8) (   8,    8) (   8,    8) (   8,    8) (   8,    8) (   8,    8) (   8,    8) (   8,    8)
          (   8,    8) (   8,    8) (   8,    8) (   8,    8) (   8,    8) (   8,    8) (   8,    8) (   8,    8) (   8,    8) (   8,    8)
          (   8,    8) (   8,    8) (   8,    8) (   8,    8) (   8,    8) (   8,    8) (   8,    8) (   8,    8) (   8,    8) (   8,    8)
          (   8,    8) (   8,    8) (   8,    8) (   8,    8) (   8,    8) (   8,    8) (   8,    8) (   8,    8) (   8,    8) (   8,    8)
          (   8,    8) (   8,    8) (   8,    8) (   8,    8) (   8,    8) (   8,    8) (   8,    8) (   8,    8) (   8,    8) (   8,    8)
          (   8,    8) (   8,    8) (   8,    8) (   8,    8) (   8,    8) (   8,    8) (   8,    8) (   8,    8) (   8,    8) (   8,    8)
          (   8,    8) (   8,    8) (   8,    8) (   8,    8) (   8,    8) (   8,    8) (   8,    8) (   8,    8) (   8,    8) (   8,    8)
          (   8,    8) (   8,    8) (   8,    8) (   8,    8) (   8,    8) (   8,    8) (   8,    8) (   8,    8) (   8,    8) (   8,    8)
          (   8,    8) (   8,    8) (   8,    8) (   8,    8) (   8,    8) (   8,    8) (   8,    8) (   8,    8) (   8,    8) (   8,    8)
          (   8,    8) (   8,    8) (   8,    8) (   8,    8) (   8,    8) (   8,    8) (   8,    8) (   8,    8) (   8,    8) (   8,    8)
          (   8,    8) (   8,    8) (   8,    8) (   8,    8) (   8,    8) (   8,    8) (   8,    8) (   8,    8) (   8,    8) (   8,    8)
          (   8,    8) (   8,    8) (   8,    8) (   8,    8) (   8,    8) (   8,    8) (   8,    8) (   8,    8) (   8,    8) (   8,    8)
          (   8,    8) (   8,    8) (   8,    8) (   8,    8) (   8,    8) (   8,    8) (   8,    8) (   8,    8) (   8,    8) (   8,    8)
          (   8,    8) (   8,    8) (   8,    8) (   8,    8) (   8,    8) (   8,    8) (   8,    8) (   8,    8) (   8,    8) (   8,    8)
          (   8,    8) (   8,    8) (   8,    8) (   8,    8) (   8,    8) (   8,    8) (   8,    8) (   8,    8) (   8,    8) (   8,    8)
          (   8,    8) (   8,    8) (   8,    8) (   8,    8) (   8,    8) (   8,    8) (   8,    8) (   8,    8) (   8,    8) (   8,    8)
          (   8,    8) (   8,    8) (   8,    8) (   8,    8) (   8,    8) (   8,    8) (   8,    8) (   8,    8) (   8,    8) (   8,    8)
          (   8,    8) (   8,    8) (   8,    8) (   8,    8) (   8,    8) (   8,    8) (   8,    8) (   8,    8) (   8,    8) (   8,    8)
          (   8,    8) (   8,    8) (   8,    8) (   8,    8) (   8,    8) (   8,    8) (   8,    8) (   8,    8) (   8,    8) (   8,    8)
          (   8,    8) (   8,    8) (   8,    8) (   8,    8) (   8,    8) (   8,    8) (   8,    8) (   8,    8) (   8,    8) (   8,    8)
          (   8,    8) (   8,    8) (   8,    8) (   8,    8) (   8,    8) (   8,    8) (   8,    8) (   8,    8) (   8,    8) (   8,    8)
          (   8,    8) (   8,    8) (   8,    8) (   8,    8) (   8,    8) (   8,    8) (   8,    8) (   8,    8) (   8,    8) (   8,    8)
          (   8,    8) (   8,    8) (   8,    8) (   8,    8) (   8,    8) (   8,    8) (   8,    8) (   8,    8) (   8,    8) (   8,    8)
          (   8,    8) (   8,    8) (   8,    8) (   8,    8) (   8,    8) (   8,    8) (   8,    8) (   8,    8) (   8,    8) (   8,    8)
          (   8,    8) (   8,    8) (   8,    8) (   8,    8) (   8,    8) (   8,    8) (   8,    8) (   8,    8) (   8,    8) (   8,    8)
          (   8,    8) (   8,    8) (   8,    8) (   8,    8) (   8,    8) (   8,    8) (   8,    8) (   8,    8) (   8,    8) (   8,    8)
          (   8,    8) (   8,    8) (   8,    8) (   8,    8) (   8,    8) (   8,    8) (   8,    8) (   8,    8) (   8,    8) (   8,    8)
          (   8,    8) (   8,    8) (   8,    8) (   8,    8) (   8,    8) (   8,    8) (   8,    8) (   8,    8) (   8,    8) (   8,    8)
          (   8,    8) (   8,    8) (   8,    8) (   8,    8) (   8,    8) (   8,    8) (   8,    8) (   8,    8) (   8,    8) (   8,    8)
          (   8,    8) (   8,    8) (   8,    8) (   8,    8) (   8,    8) (   8,    8) (   8,    8) (   8,    8) (   8,    8) (   8,    8)
          (   8,    8) (   8,    8) (   8,    8) (   8,    8) (   8,    8) (   8,    8) (   8,    8) (   8,    8) (   8,    8) (   8,    8)
          (   8,    8) (   8,    8) (   8,    8) (   8,    8) (   8,    8) (   8,    8) (   8,    8) (   8,    8) (   8,    8) (   8,    8)
          (   8,    8) (   8,    8) (   8,    8) (   8,    8) (   8,    8) (   8,    8) (   8,    8) (   8,    8) (   8,    8) (   8,    8)
          (   8,    8) (   8,    8) (   8,    8) (   8,    8) (   8,    8) (   8,    8) (   8,    8) (   8,    8) (   8,    8) (   8,    8)
          (   8,    8) (   8,    8) (   8,    8) (   8,    8) (   8,    8) (   8,    8) (   8,    8) (   8,    8) (   8,    8) (   8,    8)
          (   8,    8) (   8,    8) (   8,    8) (   8,    8) (   8,    8) (   8,    8) (   8,    8) (   8,    8) (   8,    8) (   8,    8)
          (   8,    8) (   8,    8) (   8,    8) (   8,    8) (   8,    8) (   8,    8) (   8,    8) (   8,    8) (   8,    8) (   8,    8)
          (   8,    8) (   8,    8) (   8,    8) (   8,    8) (   8,    8) (   8,    8) (   8,    8) (   8,    8) (   8,    8) (   8,    8)
          (   8,    8) (   8,    8) (   8,    8) (   8,    8) (   8,    8) (   8,    8) (   8,    8) (   8,    8) (   8,    8) (   8,    8)
          (   8,    8) (   8,    8) (   8,    8) (   8,    8) (   8,    8) (   8,    8) (   8,    8) (   8,    8) (   8,    8) (   8,    8)
          (   8,    8) (   8,    8) (   8,    8) (   8,    8) (   8,    8) (   8,    8) (   8,    8) (   8,    8) (   8,    8) (   8,    8)
          (   8,    8) (   8,    8) (   8,    8) (   8,    8) (   8,    8) (   8,    8) (   8,    8) (   8,    8) (   8,    8) (   8,    8)
          (   8,    8) (   8,    8) (   8,    8) (   8,    8) (   8,    8) (   8,    8) (   8,    8) (   8,    8) (   8,    8) (   8,    8)
          (   8,    8) (   8,    8) (   8,    8) (   8,    8) (   8,    8) (   8,    8) (   8,    8) (   8,    8) (   8,    8) (   8,    8)
          (   8,    8) (   8,    8) (   8,    8) (   8,    8) (   8,    8) (   8,    8) (   8,    8) (   8,    8) (   8,    8) (   8,    8)
          (   8,    8) (   8,    8) (   8,    8) (   8,    8) (   8,    8) (   8,    8) (   8,    8) (   8,    8) (   8,    8) (   8,    8)
          (   8,    8) (   8,    8) (   8,    8) (   8,    8) (   8,    8) (   8,    8) (   8,    8) (   8,    8) (   8,    8) (   8,    8)
          (   8,    8) (   8,    8) (   8,    8) (   8,    8) (   8,    8) (   8,    8) (   8,    8) (   8,    8) (   8,    8) (   8,    8)
          (   8,    8) (   8,    8) (   8,    8) (   8,    8) (   8,    8) (   8,    8) (   8,    8) (   8,    8) (   8,    8) (   8,    8)
          (   8,    8) (   8,    8) (   8,    8) (   8,    8) (   8,    8) (   8,    8) (   8,    8) (   8,    8) (   8,    8) (   8,    8)
          (   8,    8) (   8,    8) (   8,    8) (   8,    8) (   8,    8) (   8,    8) (   8,    8) (   8,    8) (   8,    8) (   8,    8)
          (   8,    8) (   8,    8) (   8,    8) (   8,    8) (   8,    8) (   8,    8) (   8,    8) (   8,    8) (   8,    8) (   8,    8)
          (   8,    8) (   8,    8) (   8,    8) (   8,    8) (   8,    8) (   8,    8) (   8,    8) (   8,    8) (   8,    8) (   8,    8)
          (   8,    8) (   8,    8) (   8,    8) (   8,    8) (   8,    8) (   8,    8) (   8,    8) (   8,    8) (   8,    8) (   8,    8)
         
node   4 sent_total   5696  recv_total   5669

node   5  (   0,    0) (   1,    0) (   0,    0) (   7,    2) (   9,    7) (   9,    9) (   9,    9) (   9,    9) (   9,    9) (   9,    9)
          (   9,    9) (   9,    9) (   9,    9) (   9,    9) (   9,    9) (   9,    9) (   9,    9) (   9,    9) (   9,    9) (   9,    9)
          (   9,    9) (   9,    9) (   9,    9) (   9,    9) (   9,    9) (   9,    9) (   9,    9) (   9,    9) (   9,    9) (   9,    9)
          (   9,    9) (   9,    9) (   9,    9) (   9,    9) (   9,    9) (   9,    9) (   9,    9) (   9,    9) (   9,    9) (   9,    9)
          (   9,    9) (   9,    9) (   9,    9) (   9,    9) (   9,    9) (   9,    9) (   9,    9) (   9,    9) (   9,    9) (   9,    9)
          (   9,    9) (   9,    9) (   9,    9) (   9,    9) (   9,    9) (   9,    9) (   9,    9) (   9,    9) (   9,    9) (   9,    9)
          (   9,    9) (   9,    9) (   9,    9) (   9,    9) (   9,    9) (   9,    9) (   9,    9) (   9,    9) (   9,    9) (   9,    9)
          (   9,    9) (   9,    9) (   9,    9) (   9,    9) (   9,    9) (   9,    9) (   9,    9) (   9,    9) (   9,    9) (   9,    9)
          (   9,    9) (   9,    9) (   9,    9) (   9,    9) (   9,    9) (   9,    9) (   9,    9) (   9,    9) (   9,    9) (   9,    9)
          (   9,    9) (   9,    9) (   9,    9) (   9,    9) (   9,    9) (   9,    9) (   9,    9) (   9,    9) (   9,    9) (   9,    9)
          (   9,    9) (   9,    9) (   9,    8) (   9,    8) (   9,    8) (   9,    8) (   9,    8) (   9,    8) (   9,    8) (   9,    8)
          (   9,    8) (   9,    8) (   9,    8) (   9,    8) (   9,    8) (   9,    8) (   9,    8) (   9,    8) (   9,    8) (   9,    8)
          (   9,    8) (   8,    8) (   8,    8) (   8,    8) (   8,    8) (   8,    8) (   8,    8) (   8,    8) (   8,    8) (   8,    8)
          (   8,    8) (   8,    8) (   8,    8) (   8,    8) (   8,    8) (   8,    8) (   8,    8) (   8,    8) (   8,    8) (   8,    8)
          (   8,    8) (   8,    8) (   8,    8) (   8,    8) (   8,    8) (   8,    8) (   8,    8) (   8,    8) (   8,    8) (   8,    8)
          (   8,    8) (   8,    8) (   8,    8) (   8,    8) (   8,    8) (   8,    8) (   8,    8) (   8,    8) (   8,    8) (   8,    8)
          (   8,    8) (   8,    8) (   8,    8) (   8,    8) (   8,    8) (   8,    8) (   8,    8) (   8,    8) (   8,    8) (   8,    8)
          (   8,    8) (   8,    8) (   8,    8) (   8,    8) (   8,    8) (   8,    8) (   8,    8) (   8,    8) (   8,    8) (   8,    8)
          (   8,    8) (   8,    8) (   8,    8) (   8,    8) (   8,    8) (   8,    8) (   8,    8) (   8,    8) (   8,    8) (   8,    8)
          (   8,    8) (   8,    8) (   8,    8) (   8,    8) (   8,    8) (   8,    8) (   8,    8) (   8,    8) (   8,    8) (   8,    8)
          (   8,    8) (   8,    8) (   8,    8) (   8,    8) (   8,    8) (   8,    8) (   8,    8) (   8,    8) (   8,    8) (   8,    8)
          (   8,    8) (   8,    8) (   8,    8) (   8,    8) (   8,    8) (   8,    8) (   8,    8) (   8,    8) (   8,    8) (   8,    8)
          (   8,    8) (   8,    8) (   8,    8) (   8,    8) (   8,    8) (   8,    8) (   8,    8) (   8,    8) (   8,    8) (   8,    8)
          (   8,    8) (   8,    8) (   8,    8) (   8,    8) (   8,    8) (   8,    8) (   8,    8) (   8,    8) (   8,    8) (   8,    8)
          (   8,    8) (   8,    8) (   8,    8) (   8,    8) (   8,    8) (   8,    8) (   8,    8) (   8,    8) (   8,    8) (   8,    8)
          (   8,    8) (   8,    8) (   8,    8) (   8,    8) (   8,    8) (   8,    8) (   8,    8) (   8,    8) (   8,    8) (   8,    8)
          (   8,    8) (   8,    8) (   8,    8) (   8,    8) (   8,    8) (   8,    8) (   8,    8) (   8,    8) (   8,    8) (   8,    8)
          (   8,    8) (   8,    8) (   8,    8) (   8,    8) (   8,    8) (   8,    8) (   8,    8) (   8,    8) (   8,    8) (   8,    8)
          (   8,    8) (   8,    8) (   8,    8) (   8,    8) (   8,    8) (   8,    8) (   8,    8) (   8,    8) (   8,    8) (   8,    8)
          (   8,    8) (   8,    8) (   8,    8) (   8,    8) (   8,    8) (   8,    8) (   8,    8) (   8,    8) (   8,    8) (   8,    8)
          (   8,    8) (   8,    8) (   8,    8) (   8,    8) (   8,    8) (   8,    8) (   8,    8) (   8,    8) (   8,    8) (   8,    8)
          (   8,    8) (   8,    8) (   8,    8) (   8,    8) (   8,    8) (   8,    8) (   8,    8) (   8,    8) (   8,    8) (   8,    8)
          (   8,    8) (   8,    8) (   8,    8) (   8,    8) (   8,    8) (   8,    8) (   8,    8) (   8,    8) (   8,    8) (   8,    8)
          (   8,    8) (   8,    8) (   8,    8) (   8,    8) (   8,    8) (   8,    8) (   8,    8) (   8,    8) (   8,    8) (   8,    8)
          (   8,    8) (   8,    8) (   8,    8) (   8,    8) (   8,    8) (   8,    8) (   8,    8) (   8,    8) (   8,    8) (   8,    8)
          (   8,    8) (   8,    8) (   8,    8) (   8,    8) (   8,    8) (   8,    8) (   8,    8) (   8,    8) (   8,    8) (   8,    8)
          (   8,    8) (   8,    8) (   8,    8) (   8,    8) (   8,    8) (   8,    8) (   8,    8) (   8,    8) (   8,    8) (   8,    8)
          (   8,    8) (   8,    8) (   8,    8) (   8,    8) (   8,    8) (   8,    8) (   8,    8) (   8,    8) (   8,    8) (   8,    8)
          (   8,    8) (   8,    8) (   8,    8) (   8,    8) (   8,    8) (   8,    8) (   8,    8) (   8,    8) (   8,    8) (   8,    8)
          (   8,    8) (   8,    8) (   8,    8) (   8,    8) (   8,    8) (   8,    8) (   8,    8) (   8,    8) (   8,    8) (   8,    8)
          (   8,    8) (   8,    8) (   8,    8) (   8,    8) (   8,    8) (   8,    8) (   8,    8) (   8,    8) (   8,    8) (   8,    8)
          (   8,    8) (   8,    8) (   8,    8) (   8,    8) (   8,    8) (   8,    8) (   8,    8) (   8,    8) (   8,    8) (   8,    8)
          (   8,    8) (   8,    8) (   8,    8) (   8,    8) (   8,    8) (   8,    8) (   8,    8) (   8,    8) (   8,    8) (   8,    8)
          (   8,    8) (   8,    8) (   8,    8) (   8,    8) (   8,    8) (   8,    8) (   8,    8) (   8,    8) (   8,    8) (   8,    8)
          (   8,    8) (   8,    8) (   8,    8) (   8,    8) (   8,    8) (   8,    8) (   8,    8) (   8,    8) (   8,    8) (   8,    8)
          (   8,    8) (   8,    8) (   8,    8) (   8,    8) (   8,    8) (   8,    8) (   8,    8) (   8,    8) (   8,    8) (   8,    8)
          (   8,    8) (   8,    8) (   8,    8) (   8,    8) (   8,    8) (   8,    8) (   8,    8) (   8,    8) (   8,    8) (   8,    8)
          (   8,    8) (   8,    8) (   8,    8) (   8,    8) (   8,    8) (   8,    8) (   8,    8) (   8,    8) (   8,    8) (   8,    8)
          (   8,    8) (   8,    8) (   8,    8) (   8,    8) (   8,    8) (   8,    8) (   8,    8) (   8,    8) (   8,    8) (   8,    8)
          (   8,    8) (   8,    8) (   8,    8) (   8,    8) (   8,    8) (   8,    8) (   8,    8) (   8,    8) (   8,    8) (   8,    8)
          (   8,    8) (   8,    8) (   8,    8) (   8,    8) (   8,    8) (   8,    8) (   8,    8) (   8,    8) (   8,    8) (   8,    8)
          (   8,    8) (   8,    8) (   8,    8) (   8,    8) (   8,    8) (   8,    8) (   8,    8) (   8,    8) (   8,    8) (   8,    8)
          (   8,    8) (   8,    8) (   8,    8) (   8,    8) (   8,    8) (   8,    8) (   8,    8) (   8,    8) (   8,    8) (   8,    8)
          (   8,    8) (   8,    8) (   8,    8) (   8,    8) (   8,    8) (   8,    8) (   8,    8) (   8,    8) (   8,    8) (   8,    8)
          (   8,    8) (   8,    8) (   8,    8) (   8,    8) (   8,    8) (   8,    8) (   8,    8) (   8,    8) (   8,    8) (   8,    8)
          (   8,    8) (   8,    8) (   8,    8) (   8,    8) (   8,    8) (   8,    8) (   8,    8) (   8,    8) (   8,    8) (   8,    8)
          (   8,    8) (   8,    8) (   8,    8) (   8,    8) (   8,    8) (   8,    8) (   8,    8) (   8,    8) (   8,    8) (   8,    8)
          (   8,    8) (   8,    8) (   8,    8) (   8,    8) (   8,    8) (   8,    8) (   8,    8) (   8,    8) (   8,    8) (   8,    8)
          (   8,    8) (   8,    8) (   8,    8) (   8,    8) (   8,    8) (   8,    8) (   8,    8) (   8,    8) (   8,    8) (   8,    8)
          (   8,    8) (   8,    8) (   8,    8) (   8,    8) (   8,    8) (   8,    8) (   8,    8) (   8,    8) (   8,    8) (   8,    8)
          (   8,    8) (   8,    8) (   8,    8) (   8,    8) (   8,    8) (   8,    8) (   8,    8) (   8,    8) (   8,    8) (   8,    8)
          (   8,    8) (   8,    8) (   8,    8) (   8,    8) (   8,    8) (   8,    8) (   8,    8) (   8,    8) (   8,    8) (   8,    8)
          (   8,    8) (   8,    8) (   8,    8) (   8,    8) (   8,    8) (   8,    8) (   8,    8) (   8,    8) (   8,    8) (   8,    8)
          (   8,    8) (   8,    8) (   8,    8) (   8,    8) (   8,    8) (   8,    8) (   8,    8) (   8,    8) (   8,    8) (   8,    8)
          (   8,    8) (   8,    8) (   8,    8) (   8,    8) (   8,    8) (   8,    8) (   8,    8) (   8,    8) (   8,    8) (   8,    8)
          (   8,    8) (   8,    8) (   8,    8) (   8,    8) (   8,    8) (   8,    8) (   8,    8) (   8,    8) (   8,    8) (   8,    8)
          (   8,    8) (   8,    8) (   8,    8) (   8,    8) (   8,    8) (   8,    8) (   8,    8) (   8,    8) (   8,    8) (   8,    8)
          (   8,    8) (   8,    8) (   8,    8) (   8,    8) (   8,    8) (   8,    8) (   8,    8) (   8,    8) (   8,    8) (   8,    8)
          (   8,    8) (   8,    8) (   8,    8) (   8,    8) (   8,    8) (   8,    8) (   8,    8) (   8,    8) (   8,    8) (   8,    8)
          (   8,    8) (   8,    8) (   8,    8) (   8,    8) (   8,    8) (   8,    8) (   8,    8) (   8,    8) (   8,    8) (   8,    8)
         
node   5 sent_total   5693  recv_total   5666

node   6  (   0,    0) (   1,    0) (   0,    0) (   7,    2) (   9,    7) (   9,    9) (   9,    9) (   9,    9) (   9,    9) (   9,    9)
          (   9,    9) (   9,    9) (   9,    9) (   9,    9) (   9,    9) (   9,    9) (   9,    9) (   9,    9) (   9,    9) (   9,    9)
          (   9,    9) (   9,    9) (   9,    9) (   9,    9) (   9,    9) (   9,    9) (   9,    9) (   9,    9) (   9,    9) (   9,    9)
          (   9,    9) (   9,    9) (   9,    9) (   9,    9) (   9,    9) (   9,    9) (   9,    9) (   9,    9) (   9,    9) (   9,    9)
          (   9,    9) (   9,    9) (   9,    9) (   9,    9) (   9,    9) (   9,    9) (   9,    9) (   9,    9) (   9,    9) (   9,    9)
          (   9,    9) (   9,    9) (   9,    9) (   9,    9) (   9,    9) (   9,    9) (   9,    9) (   9,    9) (   9,    9) (   9,    9)
          (   9,    9) (   9,    9) (   9,    9) (   9,    9) (   9,    9) (   9,    9) (   9,    9) (   9,    9) (   9,    9) (   9,    9)
          (   9,    9) (   9,    9) (   9,    9) (   9,    9) (   9,    9) (   9,    9) (   9,    9) (   9,    9) (   9,    9) (   9,    9)
          (   9,    9) (   9,    9) (   9,    9) (   9,    9) (   9,    9) (   9,    9) (   9,    9) (   9,    9) (   9,    9) (   9,    9)
          (   9,    9) (   9,    9) (   9,    9) (   9,    9) (   9,    9) (   9,    9) (   9,    9) (   9,    9) (   9,    9) (   9,    9)
          (   9,    9) (   0,    0) (   0,    0) (   0,    0) (   0,    0) (   0,    0) (   0,    0) (   0,    0) (   0,    0) (   0,    0)
          (   0,    0) (   0,    0) (   0,    0) (   0,    0) (   0,    0) (   0,    0) (   0,    0) (   0,    0) (   0,    0) (   0,    0)
          (   0,    0) (   0,    0) (   0,    0) (   0,    0) (   0,    0) (   0,    0) (   0,    0) (   0,    0) (   0,    0) (   0,    0)
          (   0,    0) (   0,    0) (   0,    0) (   0,    0) (   0,    0) (   0,    0) (   0,    0) (   0,    0) (   0,    0) (   0,    0)
          (   0,    0) (   0,    0) (   0,    0) (   0,    0) (   0,    0) (   0,    0) (   0,    0) (   0,    0) (   0,    0) (   0,    0)
          (   0,    0) (   0,    0) (   0,    0) (   0,    0) (   0,    0) (   0,    0) (   0,    0) (   0,    0) (   0,    0) (   0,    0)
          (   0,    0) (   0,    0) (   0,    0) (   0,    0) (   0,    0) (   0,    0) (   0,    0) (   0,    0) (   0,    0) (   0,    0)
          (   0,    0) (   0,    0) (   0,    0) (   0,    0) (   0,    0) (   0,    0) (   0,    0) (   0,    0) (   0,    0) (   0,    0)
          (   0,    0) (   0,    0) (   0,    0) (   0,    0) (   0,    0) (   0,    0) (   0,    0) (   0,    0) (   0,    0) (   0,    0)
          (   0,    0) (   0,    0) (   0,    0) (   0,    0) (   0,    0) (   0,    0) (   0,    0) (   0,    0) (   0,    0) (   0,    0)
          (   0,    0) (   0,    0) (   0,    0) (   0,    0) (   0,    0) (   0,    0) (   0,    0) (   0,    0) (   0,    0) (   0,    0)
          (   0,    0) (   0,    0) (   0,    0) (   0,    0) (   0,    0) (   0,    0) (   0,    0) (   0,    0) (   0,    0) (   0,    0)
          (   0,    0) (   0,    0) (   0,    0) (   0,    0) (   0,    0) (   0,    0) (   0,    0) (   0,    0) (   0,    0) (   0,    0)
          (   0,    0) (   0,    0) (   0,    0) (   0,    0) (   0,    0) (   0,    0) (   0,    0) (   0,    0) (   0,    0) (   0,    0)
          (   0,    0) (   0,    0) (   0,    0) (   0,    0) (   0,    0) (   0,    0) (   0,    0) (   0,    0) (   0,    0) (   0,    0)
          (   0,    0) (   0,    0) (   0,    0) (   0,    0) (   0,    0) (   0,    0) (   0,    0) (   0,    0) (   0,    0) (   0,    0)
          (   0,    0) (   0,    0) (   0,    0) (   0,    0) (   0,    0) (   0,    0) (   0,    0) (   0,    0) (   0,    0) (   0,    0)
          (   0,    0) (   0,    0) (   0,    0) (   0,    0) (   0,    0) (   0,    0) (   0,    0) (   0,    0) (   0,    0) (   0,    0)
          (   0,    0) (   0,    0) (   0,    0) (   0,    0) (   0,    0) (   0,    0) (   0,    0) (   0,    0) (   0,    0) (   0,    0)
          (   0,    0) (   0,    0) (   0,    0) (   0,    0) (   0,    0) (   0,    0) (   0,    0) (   0,    0) (   0,    0) (   0,    0)
          (   0,    0) (   0,    0) (   0,    0) (   0,    0) (   0,    0) (   0,    0) (   0,    0) (   0,    0) (   0,    0) (   0,    0)
          (   0,    0) (   0,    0) (   0,    0) (   0,    0) (   0,    0) (   0,    0) (   0,    0) (   0,    0) (   0,    0) (   0,    0)
          (   0,    0) (   0,    0) (   0,    0) (   0,    0) (   0,    0) (   0,    0) (   0,    0) (   0,    0) (   0,    0) (   0,    0)
          (   0,    0) (   0,    0) (   0,    0) (   0,    0) (   0,    0) (   0,    0) (   0,    0) (   0,    0) (   0,    0) (   0,    0)
          (   0,    0) (   0,    0) (   0,    0) (   0,    0) (   0,    0) (   0,    0) (   0,    0) (   0,    0) (   0,    0) (   0,    0)
          (   0,    0) (   0,    0) (   0,    0) (   0,    0) (   0,    0) (   0,    0) (   0,    0) (   0,    0) (   0,    0) (   0,    0)
          (   0,    0) (   0,    0) (   0,    0) (   0,    0) (   0,    0) (   0,    0) (   0,    0) (   0,    0) (   0,    0) (   0,    0)
          (   0,    0) (   0,    0) (   0,    0) (   0,    0) (   0,    0) (   0,    0) (   0,    0) (   0,    0) (   0,    0) (   0,    0)
          (   0,    0) (   0,    0) (   0,    0) (   0,    0) (   0,    0) (   0,    0) (   0,    0) (   0,    0) (   0,    0) (   0,    0)
          (   0,    0) (   0,    0) (   0,    0) (   0,    0) (   0,    0) (   0,    0) (   0,    0) (   0,    0) (   0,    0) (   0,    0)
          (   0,    0) (   0,    0) (   0,    0) (   0,    0) (   0,    0) (   0,    0) (   0,    0) (   0,    0) (   0,    0) (   0,    0)
          (   0,    0) (   0,    0) (   0,    0) (   0,    0) (   0,    0) (   0,    0) (   0,    0) (   0,    0) (   0,    0) (   0,    0)
          (   0,    0) (   0,    0) (   0,    0) (   0,    0) (   0,    0) (   0,    0) (   0,    0) (   0,    0) (   0,    0) (   0,    0)
          (   0,    0) (   0,    0) (   0,    0) (   0,    0) (   0,    0) (   0,    0) (   0,    0) (   0,    0) (   0,    0) (   0,    0)
          (   0,    0) (   0,    0) (   0,    0) (   0,    0) (   0,    0) (   0,    0) (   0,    0) (   0,    0) (   0,    0) (   0,    0)
          (   0,    0) (   0,    0) (   0,    0) (   0,    0) (   0,    0) (   0,    0) (   0,    0) (   0,    0) (   0,    0) (   0,    0)
          (   0,    0) (   0,    0) (   0,    0) (   0,    0) (   0,    0) (   0,    0) (   0,    0) (   0,    0) (   0,    0) (   0,    0)
          (   0,    0) (   0,    0) (   0,    0) (   0,    0) (   0,    0) (   0,    0) (   0,    0) (   0,    0) (   0,    0) (   0,    0)
          (   0,    0) (   0,    0) (   0,    0) (   0,    0) (   0,    0) (   0,    0) (   0,    0) (   0,    0) (   0,    0) (   0,    0)
          (   0,    0) (   0,    0) (   0,    0) (   0,    0) (   0,    0) (   0,    0) (   0,    0) (   0,    0) (   0,    0) (   0,    0)
          (   0,    0) (   0,    0) (   0,    0) (   0,    0) (   0,    0) (   0,    0) (   0,    0) (   0,    0) (   0,    0) (   0,    0)
          (   0,    0) (   0,    0) (   0,    0) (   0,    0) (   0,    0) (   0,    0) (   0,    0) (   0,    0) (   0,    0) (   0,    0)
          (   0,    0) (   0,    0) (   0,    0) (   0,    0) (   0,    0) (   0,    0) (   0,    0) (   0,    0) (   0,    0) (   0,    0)
          (   0,    0) (   0,    0) (   0,    0) (   0,    0) (   0,    0) (   0,    0) (   0,    0) (   0,    0) (   0,    0) (   0,    0)
          (   0,    0) (   0,    0) (   0,    0) (   0,    0) (   0,    0) (   0,    0) (   0,    0) (   0,    0) (   0,    0) (   0,    0)
          (   0,    0) (   0,    0) (   0,    0) (   0,    0) (   0,    0) (   0,    0) (   0,    0) (   0,    0) (   0,    0) (   0,    0)
          (   0,    0) (   0,    0) (   0,    0) (   0,    0) (   0,    0) (   0,    0) (   0,    0) (   0,    0) (   0,    0) (   0,    0)
          (   0,    0) (   0,    0) (   0,    0) (   0,    0) (   0,    0) (   0,    0) (   0,    0) (   0,    0) (   0,    0) (   0,    0)
          (   0,    0) (   0,    0) (   0,    0) (   0,    0) (   0,    0) (   0,    0) (   0,    0) (   0,    0) (   0,    0) (   0,    0)
          (   0,    0) (   0,    0) (   0,    0) (   0,    0) (   0,    0) (   0,    0) (   0,    0) (   0,    0) (   0,    0) (   0,    0)
          (   0,    0) (   0,    0) (   0,    0) (   0,    0) (   0,    0) (   0,    0) (   0,    0) (   0,    0) (   0,    0) (   0,    0)
          (   0,    0) (   0,    0) (   0,    0) (   0,    0) (   0,    0) (   0,    0) (   0,    0) (   0,    0) (   0,    0) (   0,    0)
          (   0,    0) (   0,    0) (   0,    0) (   0,    0) (   0,    0) (   0,    0) (   0,    0) (   0,    0) (   0,    0) (   0,    0)
          (   0,    0) (   0,    0) (   0,    0) (   0,    0) (   0,    0) (   0,    0) (   0,    0) (   0,    0) (   0,    0) (   0,    0)
          (   0,    0) (   0,    0) (   0,    0) (   0,    0) (   0,    0) (   0,    0) (   0,    0) (   0,    0) (   0,    0) (   0,    0)
          (   0,    0) (   0,    0) (   0,    0) (   0,    0) (   0,    0) (   0,    0) (   0,    0) (   0,    0) (   0,    0) (   0,    0)
          (   0,    0) (   0,    0) (   0,    0) (   0,    0) (   0,    0) (   0,    0) (   0,    0) (   0,    0) (   0,    0) (   0,    0)
          (   0,    0) (   0,    0) (   0,    0) (   0,    0) (   0,    0) (   0,    0) (   0,    0) (   0,    0) (   0,    0) (   0,    0)
          (   0,    0) (   0,    0) (   0,    0) (   0,    0) (   0,    0) (   0,    0) (   0,    0) (   0,    0) (   0,    0) (   0,    0)
          (   0,    0) (   0,    0) (   0,    0) (   0,    0) (   0,    0) (   0,    0) (   0,    0) (   0,    0) (   0,    0) (   0,    0)
         
node   6 sent_total    881  recv_total    873

node   7  (   0,    0) (   1,    0) (   0,    0) (   7,    2) (   9,    7) (   9,    9) (   9,    9) (   9,    9) (   9,    9) (   9,    9)
          (   9,    9) (   9,    9) (   9,    9) (   9,    9) (   9,    9) (   9,    9) (   9,    9) (   9,    9) (   9,    9) (   9,    9)
          (   9,    9) (   9,    9) (   9,    9) (   9,    9) (   9,    9) (   9,    9) (   9,    9) (   9,    9) (   9,    9) (   9,    9)
          (   9,    9) (   9,    9) (   9,    9) (   9,    9) (   9,    9) (   9,    9) (   9,    9) (   9,    9) (   9,    9) (   9,    9)
          (   9,    9) (   9,    9) (   9,    9) (   9,    9) (   9,    9) (   9,    9) (   9,    9) (   9,    9) (   9,    9) (   9,    9)
          (   9,    9) (   9,    9) (   9,    9) (   9,    9) (   9,    9) (   9,    9) (   9,    9) (   9,    9) (   9,    9) (   9,    9)
          (   9,    9) (   9,    9) (   9,    9) (   9,    9) (   9,    9) (   9,    9) (   9,    9) (   9,    9) (   9,    9) (   9,    9)
          (   9,    9) (   9,    9) (   9,    9) (   9,    9) (   9,    9) (   9,    9) (   9,    9) (   9,    9) (   9,    9) (   9,    9)
          (   9,    9) (   9,    9) (   9,    9) (   9,    9) (   9,    9) (   9,    9) (   9,    9) (   9,    9) (   9,    9) (   9,    9)
          (   9,    9) (   9,    9) (   9,    9) (   9,    9) (   9,    9) (   9,    9) (   9,    9) (   9,    9) (   9,    9) (   9,    9)
          (   9,    9) (   9,    9) (   9,    8) (   9,    8) (   9,    8) (   9,    8) (   9,    8) (   9,    8) (   9,    8) (   9,    8)
          (   9,    8) (   9,    8) (   9,    8) (   9,    8) (   9,    8) (   9,    8) (   9,    8) (   9,    8) (   9,    8) (   9,    8)
          (   9,    8) (   8,    8) (   8,    8) (   8,    8) (   8,    8) (   8,    8) (   8,    8) (   8,    8) (   8,    8) (   8,    8)
          (   8,    8) (   8,    8) (   8,    8) (   8,    8) (   8,    8) (   8,    8) (   8,    8) (   8,    8) (   8,    8) (   8,    8)
          (   8,    8) (   8,    8) (   8,    8) (   8,    8) (   8,    8) (   8,    8) (   8,    8) (   8,    8) (   8,    8) (   8,    8)
          (   8,    8) (   8,    8) (   8,    8) (   8,    8) (   8,    8) (   8,    8) (   8,    8) (   8,    8) (   8,    8) (   8,    8)
          (   8,    8) (   8,    8) (   8,    8) (   8,    8) (   8,    8) (   8,    8) (   8,    8) (   8,    8) (   8,    8) (   8,    8)
          (   8,    8) (   8,    8) (   8,    8) (   8,    8) (   8,    8) (   8,    8) (   8,    8) (   8,    8) (   8,    8) (   8,    8)
          (   8,    8) (   8,    8) (   8,    8) (   8,    8) (   8,    8) (   8,    8) (   8,    8) (   8,    8) (   8,    8) (   8,    8)
          (   8,    8) (   8,    8) (   8,    8) (   8,    8) (   8,    8) (   8,    8) (   8,    8) (   8,    8) (   8,    8) (   8,    8)
          (   8,    8) (   8,    8) (   8,    8) (   8,    8) (   8,    8) (   8,    8) (   8,    8) (   8,    8) (   8,    8) (   8,    8)
          (   8,    8) (   8,    8) (   8,    8) (   8,    8) (   8,    8) (   8,    8) (   8,    8) (   8,    8) (   8,    8) (   8,    8)
          (   8,    8) (   8,    8) (   8,    8) (   8,    8) (   8,    8) (   8,    8) (   8,    8) (   8,    8) (   8,    8) (   8,    8)
          (   8,    8) (   8,    8) (   8,    8) (   8,    8) (   8,    8) (   8,    8) (   8,    8) (   8,    8) (   8,    8) (   8,    8)
          (   8,    8) (   8,    8) (   8,    8) (   8,    8) (   8,    8) (   8,    8) (   8,    8) (   8,    8) (   8,    8) (   8,    8)
          (   8,    8) (   8,    8) (   8,    8) (   8,    8) (   8,    8) (   8,    8) (   8,    8) (   8,    8) (   8,    8) (   8,    8)
          (   8,    8) (   8,    8) (   8,    8) (   8,    8) (   8,    8) (   8,    8) (   8,    8) (   8,    8) (   8,    8) (   8,    8)
          (   8,    8) (   8,    8) (   8,    8) (   8,    8) (   8,    8) (   8,    8) (   8,    8) (   8,    8) (   8,    8) (   8,    8)
          (   8,    8) (   8,    8) (   8,    8) (   8,    8) (   8,    8) (   8,    8) (   8,    8) (   8,    8) (   8,    8) (   8,    8)
          (   8,    8) (   8,    8) (   8,    8) (   8,    8) (   8,    8) (   8,    8) (   8,    8) (   8,    8) (   8,    8) (   8,    8)
          (   8,    8) (   8,    8) (   8,    8) (   8,    8) (   8,    8) (   8,    8) (   8,    8) (   8,    8) (   8,    8) (   8,    8)
          (   8,    8) (   8,    8) (   8,    8) (   8,    8) (   8,    8) (   8,    8) (   8,    8) (   8,    8) (   8,    8) (   8,    8)
          (   8,    8) (   8,    8) (   8,    8) (   8,    8) (   8,    8) (   8,    8) (   8,    8) (   8,    8) (   8,    8) (   8,    8)
          (   8,    8) (   8,    8) (   8,    8) (   8,    8) (   8,    8) (   8,    8) (   8,    8) (   8,    8) (   8,    8) (   8,    8)
          (   8,    8) (   8,    8) (   8,    8) (   8,    8) (   8,    8) (   8,    8) (   8,    8) (   8,    8) (   8,    8) (   8,    8)
          (   8,    8) (   8,    8) (   8,    8) (   8,    8) (   8,    8) (   8,    8) (   8,    8) (   8,    8) (   8,    8) (   8,    8)
          (   8,    8) (   8,    8) (   8,    8) (   8,    8) (   8,    8) (   8,    8) (   8,    8) (   8,    8) (   8,    8) (   8,    8)
          (   8,    8) (   8,    8) (   8,    8) (   8,    8) (   8,    8) (   8,    8) (   8,    8) (   8,    8) (   8,    8) (   8,    8)
          (   8,    8) (   8,    8) (   8,    8) (   8,    8) (   8,    8) (   8,    8) (   8,    8) (   8,    8) (   8,    8) (   8,    8)
          (   8,    8) (   8,    8) (   8,    8) (   8,    8) (   8,    8) (   8,    8) (   8,    8) (   8,    8) (   8,    8) (   8,    8)
          (   8,    8) (   8,    8) (   8,    8) (   8,    8) (   8,    8) (   8,    8) (   8,    8) (   8,    8) (   8,    8) (   8,    8)
          (   8,    8) (   8,    8) (   8,    8) (   8,    8) (   8,    8) (   8,    8) (   8,    8) (   8,    8) (   8,    8) (   8,    8)
          (   8,    8) (   8,    8) (   8,    8) (   8,    8) (   8,    8) (   8,    8) (   8,    8) (   8,    8) (   8,    8) (   8,    8)
          (   8,    8) (   8,    8) (   8,    8) (   8,    8) (   8,    8) (   8,    8) (   8,    8) (   8,    8) (   8,    8) (   8,    8)
          (   8,    8) (   8,    8) (   8,    8) (   8,    8) (   8,    8) (   8,    8) (   8,    8) (   8,    8) (   8,    8) (   8,    8)
          (   8,    8) (   8,    8) (   8,    8) (   8,    8) (   8,    8) (   8,    8) (   8,    8) (   8,    8) (   8,    8) (   8,    8)
          (   8,    8) (   8,    8) (   8,    8) (   8,    8) (   8,    8) (   8,    8) (   8,    8) (   8,    8) (   8,    8) (   8,    8)
          (   8,    8) (   8,    8) (   8,    8) (   8,    8) (   8,    8) (   8,    8) (   8,    8) (   8,    8) (   8,    8) (   8,    8)
          (   8,    8) (   8,    8) (   8,    8) (   8,    8) (   8,    8) (   8,    8) (   8,    8) (   8,    8) (   8,    8) (   8,    8)
          (   8,    8) (   8,    8) (   8,    8) (   8,    8) (   8,    8) (   8,    8) (   8,    8) (   8,    8) (   8,    8) (   8,    8)
          (   8,    8) (   8,    8) (   8,    8) (   8,    8) (   8,    8) (   8,    8) (   8,    8) (   8,    8) (   8,    8) (   8,    8)
          (   8,    8) (   8,    8) (   8,    8) (   8,    8) (   8,    8) (   8,    8) (   8,    8) (   8,    8) (   8,    8) (   8,    8)
          (   8,    8) (   8,    8) (   8,    8) (   8,    8) (   8,    8) (   8,    8) (   8,    8) (   8,    8) (   8,    8) (   8,    8)
          (   8,    8) (   8,    8) (   8,    8) (   8,    8) (   8,    8) (   8,    8) (   8,    8) (   8,    8) (   8,    8) (   8,    8)
          (   8,    8) (   8,    8) (   8,    8) (   8,    8) (   8,    8) (   8,    8) (   8,    8) (   8,    8) (   8,    8) (   8,    8)
          (   8,    8) (   8,    8) (   8,    8) (   8,    8) (   8,    8) (   8,    8) (   8,    8) (   8,    8) (   8,    8) (   8,    8)
          (   8,    8) (   8,    8) (   8,    8) (   8,    8) (   8,    8) (   8,    8) (   8,    8) (   8,    8) (   8,    8) (   8,    8)
          (   8,    8) (   8,    8) (   8,    8) (   8,    8) (   8,    8) (   8,    8) (   8,    8) (   8,    8) (   8,    8) (   8,    8)
          (   8,    8) (   8,    8) (   8,    8) (   8,    8) (   8,    8) (   8,    8) (   8,    8) (   8,    8) (   8,    8) (   8,    8)
          (   8,    8) (   8,    8) (   8,    8) (   8,    8) (   8,    8) (   8,    8) (   8,    8) (   8,    8) (   8,    8) (   8,    8)
          (   8,    8) (   8,    8) (   8,    8) (   8,    8) (   8,    8) (   8,    8) (   8,    8) (   8,    8) (   8,    8) (   8,    8)
          (   8,    8) (   8,    8) (   8,    8) (   8,    8) (   8,    8) (   8,    8) (   8,    8) (   8,    8) (   8,    8) (   8,    8)
          (   8,    8) (   8,    8) (   8,    8) (   8,    8) (   8,    8) (   8,    8) (   8,    8) (   8,    8) (   8,    8) (   8,    8)
          (   8,    8) (   8,    8) (   8,    8) (   8,    8) (   8,    8) (   8,    8) (   8,    8) (   8,    8) (   8,    8) (   8,    8)
          (   8,    8) (   8,    8) (   8,    8) (   8,    8) (   8,    8) (   8,    8) (   8,    8) (   8,    8) (   8,    8) (   8,    8)
          (   8,    8) (   8,    8) (   8,    8) (   8,    8) (   8,    8) (   8,    8) (   8,    8) (   8,    8) (   8,    8) (   8,    8)
          (   8,    8) (   8,    8) (   8,    8) (   8,    8) (   8,    8) (   8,    8) (   8,    8) (   8,    8) (   8,    8) (   8,    8)
          (   8,    8) (   8,    8) (   8,    8) (   8,    8) (   8,    8) (   8,    8) (   8,    8) (   8,    8) (   8,    8) (   8,    8)
          (   8,    8) (   8,    8) (   8,    8) (   8,    8) (   8,    8) (   8,    8) (   8,    8) (   8,    8) (   8,    8) (   8,    8)
          (   8,    8) (   8,    8) (   8,    8) (   8,    8) (   8,    8) (   8,    8) (   8,    8) (   8,    8) (   8,    8) (   8,    8)
         
node   7 sent_total   5693  recv_total   5666

node   8  (   0,    0) (   1,    0) (   0,    0) (   7,    2) (   9,    7) (   9,    9) (   9,    9) (   9,    9) (   9,    9) (   9,    9)
          (   9,    9) (   9,    9) (   9,    9) (   9,    9) (   9,    9) (   9,    9) (   9,    9) (   9,    9) (   9,    9) (   9,    9)
          (   9,    9) (   9,    9) (   9,    9) (   9,    9) (   9,    9) (   9,    9) (   9,    9) (   9,    9) (   9,    9) (   9,    9)
          (   9,    9) (   9,    9) (   9,    9) (   9,    9) (   9,    9) (   9,    9) (   9,    9) (   9,    9) (   9,    9) (   9,    9)
          (   9,    9) (   9,    9) (   9,    9) (   9,    9) (   9,    9) (   9,    9) (   9,    9) (   9,    9) (   9,    9) (   9,    9)
          (   9,    9) (   9,    9) (   9,    9) (   9,    9) (   9,    9) (   9,    9) (   9,    9) (   9,    9) (   9,    9) (   9,    9)
          (   9,    9) (   9,    9) (   9,    9) (   9,    9) (   9,    9) (   9,    9) (   9,    9) (   9,    9) (   9,    9) (   9,    9)
          (   9,    9) (   9,    9) (   9,    9) (   9,    9) (   9,    9) (   9,    9) (   9,    9) (   9,    9) (   9,    9) (   9,    9)
          (   9,    9) (   9,    9) (   9,    9) (   9,    9) (   9,    9) (   9,    9) (   9,    9) (   9,    9) (   9,    9) (   9,    9)
          (   9,    9) (   9,    9) (   9,    9) (   9,    9) (   9,    9) (   9,    9) (   9,    9) (   9,    9) (   9,    9) (   9,    9)
          (   9,    9) (   9,    9) (   9,    8) (   9,    8) (   9,    8) (   9,    8) (   9,    8) (   9,    8) (   9,    8) (   9,    8)
          (   9,    8) (   9,    8) (   9,    8) (   9,    8) (   9,    8) (   9,    8) (   9,    8) (   9,    8) (   9,    8) (   9,    8)
          (   9,    8) (   8,    8) (   8,    8) (   8,    8) (   8,    8) (   8,    8) (   8,    8) (   8,    8) (   8,    8) (   8,    8)
          (   8,    8) (   8,    8) (   8,    8) (   8,    8) (   8,    8) (   8,    8) (   8,    8) (   8,    8) (   8,    8) (   8,    8)
          (   8,    8) (   8,    8) (   8,    8) (   8,    8) (   8,    8) (   8,    8) (   8,    8) (   8,    8) (   8,    8) (   8,    8)
          (   8,    8) (   8,    8) (   8,    8) (   8,    8) (   8,    8) (   8,    8) (   8,    8) (   8,    8) (   8,    8) (   8,    8)
          (   8,    8) (   8,    8) (   8,    8) (   8,    8) (   8,    8) (   8,    8) (   8,    8) (   8,    8) (   8,    8) (   8,    8)
          (   8,    8) (   8,    8) (   8,    8) (   8,    8) (   8,    8) (   8,    8) (   8,    8) (   8,    8) (   8,    8) (   8,    8)
          (   8,    8) (   8,    8) (   8,    8) (   8,    8) (   8,    8) (   8,    8) (   8,    8) (   8,    8) (   8,    8) (   8,    8)
          (   8,    8) (   8,    8) (   8,    8) (   8,    8) (   8,    8) (   8,    8) (   8,    8) (   8,    8) (   8,    8) (   8,    8)
          (   8,    8) (   8,    8) (   8,    8) (   8,    8) (   8,    8) (   8,    8) (   8,    8) (   8,    8) (   8,    8) (   8,    8)
          (   8,    8) (   8,    8) (   8,    8) (   8,    8) (   8,    8) (   8,    8) (   8,    8) (   8,    8) (   8,    8) (   8,    8)
          (   8,    8) (   8,    8) (   8,    8) (   8,    8) (   8,    8) (   8,    8) (   8,    8) (   8,    8) (   8,    8) (   8,    8)
          (   8,    8) (   8,    8) (   8,    8) (   8,    8) (   8,    8) (   8,    8) (   8,    8) (   8,    8) (   8,    8) (   8,    8)
          (   8,    8) (   8,    8) (   8,    8) (   8,    8) (   8,    8) (   8,    8) (   8,    8) (   8,    8) (   8,    8) (   8,    8)
          (   8,    8) (   8,    8) (   8,    8) (   8,    8) (   8,    8) (   8,    8) (   8,    8) (   8,    8) (   8,    8) (   8,    8)
          (   8,    8) (   8,    8) (   8,    8) (   8,    8) (   8,    8) (   8,    8) (   8,    8) (   8,    8) (   8,    8) (   8,    8)
          (   8,    8) (   8,    8) (   8,    8) (   8,    8) (   8,    8) (   8,    8) (   8,    8) (   8,    8) (   8,    8) (   8,    8)
          (   8,    8) (   8,    8) (   8,    8) (   8,    8) (   8,    8) (   8,    8) (   8,    8) (   8,    8) (   8,    8) (   8,    8)
          (   8,    8) (   8,    8) (   8,    8) (   8,    8) (   8,    8) (   8,    8) (   8,    8) (   8,    8) (   8,    8) (   8,    8)
          (   8,    8) (   8,    8) (   8,    8) (   8,    8) (   8,    8) (   8,    8) (   8,    8) (   8,    8) (   8,    8) (   8,    8)
          (   8,    8) (   8,    8) (   8,    8) (   8,    8) (   8,    8) (   8,    8) (   8,    8) (   8,    8) (   8,    8) (   8,    8)
          (   8,    8) (   8,    8) (   8,    8) (   8,    8) (   8,    8) (   8,    8) (   8,    8) (   8,    8) (   8,    8) (   8,    8)
          (   8,    8) (   8,    8) (   8,    8) (   8,    8) (   8,    8) (   8,    8) (   8,    8) (   8,    8) (   8,    8) (   8,    8)
          (   8,    8) (   8,    8) (   8,    8) (   8,    8) (   8,    8) (   8,    8) (   8,    8) (   8,    8) (   8,    8) (   8,    8)
          (   8,    8) (   8,    8) (   8,    8) (   8,    8) (   8,    8) (   8,    8) (   8,    8) (   8,    8) (   8,    8) (   8,    8)
          (   8,    8) (   8,    8) (   8,    8) (   8,    8) (   8,    8) (   8,    8) (   8,    8) (   8,    8) (   8,    8) (   8,    8)
          (   8,    8) (   8,    8) (   8,    8) (   8,    8) (   8,    8) (   8,    8) (   8,    8) (   8,    8) (   8,    8) (   8,    8)
          (   8,    8) (   8,    8) (   8,    8) (   8,    8) (   8,    8) (   8,    8) (   8,    8) (   8,    8) (   8,    8) (   8,    8)
          (   8,    8) (   8,    8) (   8,    8) (   8,    8) (   8,    8) (   8,    8) (   8,    8) (   8,    8) (   8,    8) (   8,    8)
          (   8,    8) (   8,    8) (   8,    8) (   8,    8) (   8,    8) (   8,    8) (   8,    8) (   8,    8) (   8,    8) (   8,    8)
          (   8,    8) (   8,    8) (   8,    8) (   8,    8) (   8,    8) (   8,    8) (   8,    8) (   8,    8) (   8,    8) (   8,    8)
          (   8,    8) (   8,    8) (   8,    8) (   8,    8) (   8,    8) (   8,    8) (   8,    8) (   8,    8) (   8,    8) (   8,    8)
          (   8,    8) (   8,    8) (   8,    8) (   8,    8) (   8,    8) (   8,    8) (   8,    8) (   8,    8) (   8,    8) (   8,    8)
          (   8,    8) (   8,    8) (   8,    8) (   8,    8) (   8,    8) (   8,    8) (   8,    8) (   8,    8) (   8,    8) (   8,    8)
          (   8,    8) (   8,    8) (   8,    8) (   8,    8) (   8,    8) (   8,    8) (   8,    8) (   8,    8) (   8,    8) (   8,    8)
          (   8,    8) (   8,    8) (   8,    8) (   8,    8) (   8,    8) (   8,    8) (   8,    8) (   8,    8) (   8,    8) (   8,    8)
          (   8,    8) (   8,    8) (   8,    8) (   8,    8) (   8,    8) (   8,    8) (   8,    8) (   8,    8) (   8,    8) (   8,    8)
          (   8,    8) (   8,    8) (   8,    8) (   8,    8) (   8,    8) (   8,    8) (   8,    8) (   8,    8) (   8,    8) (   8,    8)
          (   8,    8) (   8,    8) (   8,    8) (   8,    8) (   8,    8) (   8,    8) (   8,    8) (   8,    8) (   8,    8) (   8,    8)
          (   8,    8) (   8,    8) (   8,    8) (   8,    8) (   8,    8) (   8,    8) (   8,    8) (   8,    8) (   8,    8) (   8,    8)
          (   8,    8) (   8,    8) (   8,    8) (   8,    8) (   8,    8) (   8,    8) (   8,    8) (   8,    8) (   8,    8) (   8,    8)
          (   8,    8) (   8,    8) (   8,    8) (   8,    8) (   8,    8) (   8,    8) (   8,    8) (   8,    8) (   8,    8) (   8,    8)
          (   8,    8) (   8,    8) (   8,    8) (   8,    8) (   8,    8) (   8,    8) (   8,    8) (   8,    8) (   8,    8) (   8,    8)
          (   8,    8) (   8,    8) (   8,    8) (   8,    8) (   8,    8) (   8,    8) (   8,    8) (   8,    8) (   8,    8) (   8,    8)
          (   8,    8) (   8,    8) (   8,    8) (   8,    8) (   8,    8) (   8,    8) (   8,    8) (   8,    8) (   8,    8) (   8,    8)
          (   8,    8) (   8,    8) (   8,    8) (   8,    8) (   8,    8) (   8,    8) (   8,    8) (   8,    8) (   8,    8) (   8,    8)
          (   8,    8) (   8,    8) (   8,    8) (   8,    8) (   8,    8) (   8,    8) (   8,    8) (   8,    8) (   8,    8) (   8,    8)
          (   8,    8) (   8,    8) (   8,    8) (   8,    8) (   8,    8) (   8,    8) (   8,    8) (   8,    8) (   8,    8) (   8,    8)
          (   8,    8) (   8,    8) (   8,    8) (   8,    8) (   8,    8) (   8,    8) (   8,    8) (   8,    8) (   8,    8) (   8,    8)
          (   8,    8) (   8,    8) (   8,    8) (   8,    8) (   8,    8) (   8,    8) (   8,    8) (   8,    8) (   8,    8) (   8,    8)
          (   8,    8) (   8,    8) (   8,    8) (   8,    8) (   8,    8) (   8,    8) (   8,    8) (   8,    8) (   8,    8) (   8,    8)
          (   8,    8) (   8,    8) (   8,    8) (   8,    8) (   8,    8) (   8,    8) (   8,    8) (   8,    8) (   8,    8) (   8,    8)
          (   8,    8) (   8,    8) (   8,    8) (   8,    8) (   8,    8) (   8,    8) (   8,    8) (   8,    8) (   8,    8) (   8,    8)
          (   8,    8) (   8,    8) (   8,    8) (   8,    8) (   8,    8) (   8,    8) (   8,    8) (   8,    8) (   8,    8) (   8,    8)
          (   8,    8) (   8,    8) (   8,    8) (   8,    8) (   8,    8) (   8,    8) (   8,    8) (   8,    8) (   8,    8) (   8,    8)
          (   8,    8) (   8,    8) (   8,    8) (   8,    8) (   8,    8) (   8,    8) (   8,    8) (   8,    8) (   8,    8) (   8,    8)
          (   8,    8) (   8,    8) (   8,    8) (   8,    8) (   8,    8) (   8,    8) (   8,    8) (   8,    8) (   8,    8) (   8,    8)
          (   8,    8) (   8,    8) (   8,    8) (   8,    8) (   8,    8) (   8,    8) (   8,    8) (   8,    8) (   8,    8) (   8,    8)
          (   8,    8) (   8,    8) (   8,    8) (   8,    8) (   8,    8) (   8,    8) (   8,    8) (   8,    8) (   8,    8) (   8,    8)
         
node   8 sent_total   5693  recv_total   5666

node   9  (   0,    0) (   0,    0) (   1,    0) (   0,    0) (   9,    2) (   9,    9) (   9,    9) (   9,    9) (   9,    9) (   9,    9)
          (   9,    9) (   9,    9) (   9,    9) (   9,    9) (   9,    9) (   9,    9) (   9,    9) (   9,    9) (   9,    9) (   9,    9)
          (   9,    9) (   9,    9) (   9,    9) (   9,    9) (   9,    9) (   9,    9) (   9,    9) (   9,    9) (   9,    9) (   9,    9)
          (   9,    9) (   9,    9) (   9,    9) (   9,    9) (   9,    9) (   9,    9) (   9,    9) (   9,    9) (   9,    9) (   9,    9)
          (   9,    9) (   9,    9) (   9,    9) (   9,    9) (   9,    9) (   9,    9) (   9,    9) (   9,    9) (   9,    9) (   9,    9)
          (   9,    9) (   9,    9) (   9,    9) (   9,    9) (   9,    9) (   9,    9) (   9,    9) (   9,    9) (   9,    9) (   9,    9)
          (   9,    9) (   9,    9) (   9,    9) (   9,    9) (   9,    9) (   9,    9) (   9,    9) (   9,    9) (   9,    9) (   9,    9)
          (   9,    9) (   9,    9) (   9,    9) (   9,    9) (   9,    9) (   9,    9) (   9,    9) (   9,    9) (   9,    9) (   9,    9)
          (   9,    9) (   9,    9) (   9,    9) (   9,    9) (   9,    9) (   9,    9) (   9,    9) (   9,    9) (   9,    9) (   9,    9)
          (   9,    9) (   9,    9) (   9,    9) (   9,    9) (   9,    9) (   9,    9) (   9,    9) (   9,    9) (   9,    9) (   9,    9)
          (   9,    9) (   9,    9) (   9,    8) (   9,    8) (   9,    8) (   9,    8) (   9,    8) (   9,    8) (   9,    8) (   9,    8)
          (   9,    8) (   9,    8) (   9,    8) (   9,    8) (   9,    8) (   9,    8) (   9,    8) (   9,    8) (   9,    8) (   9,    8)
          (   9,    8) (   8,    8) (   8,    8) (   8,    8) (   8,    8) (   8,    8) (   8,    8) (   8,    8) (   8,    8) (   8,    8)
          (   8,    8) (   8,    8) (   8,    8) (   8,    8) (   8,    8) (   8,    8) (   8,    8) (   8,    8) (   8,    8) (   8,    8)
          (   8,    8) (   8,    8) (   8,    8) (   8,    8) (   8,    8) (   8,    8) (   8,    8) (   8,    8) (   8,    8) (   8,    8)
          (   8,    8) (   8,    8) (   8,    8) (   8,    8) (   8,    8) (   8,    8) (   8,    8) (   8,    8) (   8,    8) (   8,    8)
          (   8,    8) (   8,    8) (   8,    8) (   8,    8) (   8,    8) (   8,    8) (   8,    8) (   8,    8) (   8,    8) (   8,    8)
          (   8,    8) (   8,    8) (   8,    8) (   8,    8) (   8,    8) (   8,    8) (   8,    8) (   8,    8) (   8,    8) (   8,    8)
          (   8,    8) (   8,    8) (   8,    8) (   8,    8) (   8,    8) (   8,    8) (   8,    8) (   8,    8) (   8,    8) (   8,    8)
          (   8,    8) (   8,    8) (   8,    8) (   8,    8) (   8,    8) (   8,    8) (   8,    8) (   8,    8) (   8,    8) (   8,    8)
          (   8,    8) (   8,    8) (   8,    8) (   8,    8) (   8,    8) (   8,    8) (   8,    8) (   8,    8) (   8,    8) (   8,    8)
          (   8,    8) (   8,    8) (   8,    8) (   8,    8) (   8,    8) (   8,    8) (   8,    8) (   8,    8) (   8,    8) (   8,    8)
          (   8,    8) (   8,    8) (   8,    8) (   8,    8) (   8,    8) (   8,    8) (   8,    8) (   8,    8) (   8,    8) (   8,    8)
          (   8,    8) (   8,    8) (   8,    8) (   8,    8) (   8,    8) (   8,    8) (   8,    8) (   8,    8) (   8,    8) (   8,    8)
          (   8,    8) (   8,    8) (   8,    8) (   8,    8) (   8,    8) (   8,    8) (   8,    8) (   8,    8) (   8,    8) (   8,    8)
          (   8,    8) (   8,    8) (   8,    8) (   8,    8) (   8,    8) (   8,    8) (   8,    8) (   8,    8) (   8,    8) (   8,    8)
          (   8,    8) (   8,    8) (   8,    8) (   8,    8) (   8,    8) (   8,    8) (   8,    8) (   8,    8) (   8,    8) (   8,    8)
          (   8,    8) (   8,    8) (   8,    8) (   8,    8) (   8,    8) (   8,    8) (   8,    8) (   8,    8) (   8,    8) (   8,    8)
          (   8,    8) (   8,    8) (   8,    8) (   8,    8) (   8,    8) (   8,    8) (   8,    8) (   8,    8) (   8,    8) (   8,    8)
          (   8,    8) (   8,    8) (   8,    8) (   8,    8) (   8,    8) (   8,    8) (   8,    8) (   8,    8) (   8,    8) (   8,    8)
          (   8,    8) (   8,    8) (   8,    8) (   8,    8) (   8,    8) (   8,    8) (   8,    8) (   8,    8) (   8,    8) (   8,    8)
          (   8,    8) (   8,    8) (   8,    8) (   8,    8) (   8,    8) (   8,    8) (   8,    8) (   8,    8) (   8,    8) (   8,    8)
          (   8,    8) (   8,    8) (   8,    8) (   8,    8) (   8,    8) (   8,    8) (   8,    8) (   8,    8) (   8,    8) (   8,    8)
          (   8,    8) (   8,    8) (   8,    8) (   8,    8) (   8,    8) (   8,    8) (   8,    8) (   8,    8) (   8,    8) (   8,    8)
          (   8,    8) (   8,    8) (   8,    8) (   8,    8) (   8,    8) (   8,    8) (   8,    8) (   8,    8) (   8,    8) (   8,    8)
          (   8,    8) (   8,    8) (   8,    8) (   8,    8) (   8,    8) (   8,    8) (   8,    8) (   8,    8) (   8,    8) (   8,    8)
          (   8,    8) (   8,    8) (   8,    8) (   8,    8) (   8,    8) (   8,    8) (   8,    8) (   8,    8) (   8,    8) (   8,    8)
          (   8,    8) (   8,    8) (   8,    8) (   8,    8) (   8,    8) (   8,    8) (   8,    8) (   8,    8) (   8,    8) (   8,    8)
          (   8,    8) (   8,    8) (   8,    8) (   8,    8) (   8,    8) (   8,    8) (   8,    8) (   8,    8) (   8,    8) (   8,    8)
          (   8,    8) (   8,    8) (   8,    8) (   8,    8) (   8,    8) (   8,    8) (   8,    8) (   8,    8) (   8,    8) (   8,    8)
          (   8,    8) (   8,    8) (   8,    8) (   8,    8) (   8,    8) (   8,    8) (   8,    8) (   8,    8) (   8,    8) (   8,    8)
          (   8,    8) (   8,    8) (   8,    8) (   8,    8) (   8,    8) (   8,    8) (   8,    8) (   8,    8) (   8,    8) (   8,    8)
          (   8,    8) (   8,    8) (   8,    8) (   8,    8) (   8,    8) (   8,    8) (   8,    8) (   8,    8) (   8,    8) (   8,    8)
          (   8,    8) (   8,    8) (   8,    8) (   8,    8) (   8,    8) (   8,    8) (   8,    8) (   8,    8) (   8,    8) (   8,    8)
          (   8,    8) (   8,    8) (   8,    8) (   8,    8) (   8,    8) (   8,    8) (   8,    8) (   8,    8) (   8,    8) (   8,    8)
          (   8,    8) (   8,    8) (   8,    8) (   8,    8) (   8,    8) (   8,    8) (   8,    8) (   8,    8) (   8,    8) (   8,    8)
          (   8,    8) (   8,    8) (   8,    8) (   8,    8) (   8,    8) (   8,    8) (   8,    8) (   8,    8) (   8,    8) (   8,    8)
          (   8,    8) (   8,    8) (   8,    8) (   8,    8) (   8,    8) (   8,    8) (   8,    8) (   8,    8) (   8,    8) (   8,    8)
          (   8,    8) (   8,    8) (   8,    8) (   8,    8) (   8,    8) (   8,    8) (   8,    8) (   8,    8) (   8,    8) (   8,    8)
          (   8,    8) (   8,    8) (   8,    8) (   8,    8) (   8,    8) (   8,    8) (   8,    8) (   8,    8) (   8,    8) (   8,    8)
          (   8,    8) (   8,    8) (   8,    8) (   8,    8) (   8,    8) (   8,    8) (   8,    8) (   8,    8) (   8,    8) (   8,    8)
          (   8,    8) (   8,    8) (   8,    8) (   8,    8) (   8,    8) (   8,    8) (   8,    8) (   8,    8) (   8,    8) (   8,    8)
          (   8,    8) (   8,    8) (   8,    8) (   8,    8) (   8,    8) (   8,    8) (   8,    8) (   8,    8) (   8,    8) (   8,    8)
          (   8,    8) (   8,    8) (   8,    8) (   8,    8) (   8,    8) (   8,    8) (   8,    8) (   8,    8) (   8,    8) (   8,    8)
          (   8,    8) (   8,    8) (   8,    8) (   8,    8) (   8,    8) (   8,    8) (   8,    8) (   8,    8) (   8,    8) (   8,    8)
          (   8,    8) (   8,    8) (   8,    8) (   8,    8) (   8,    8) (   8,    8) (   8,    8) (   8,    8) (   8,    8) (   8,    8)
          (   8,    8) (   8,    8) (   8,    8) (   8,    8) (   8,    8) (   8,    8) (   8,    8) (   8,    8) (   8,    8) (   8,    8)
          (   8,    8) (   8,    8) (   8,    8) (   8,    8) (   8,    8) (   8,    8) (   8,    8) (   8,    8) (   8,    8) (   8,    8)
          (   8,    8) (   8,    8) (   8,    8) (   8,    8) (   8,    8) (   8,    8) (   8,    8) (   8,    8) (   8,    8) (   8,    8)
          (   8,    8) (   8,    8) (   8,    8) (   8,    8) (   8,    8) (   8,    8) (   8,    8) (   8,    8) (   8,    8) (   8,    8)
          (   8,    8) (   8,    8) (   8,    8) (   8,    8) (   8,    8) (   8,    8) (   8,    8) (   8,    8) (   8,    8) (   8,    8)
          (   8,    8) (   8,    8) (   8,    8) (   8,    8) (   8,    8) (   8,    8) (   8,    8) (   8,    8) (   8,    8) (   8,    8)
          (   8,    8) (   8,    8) (   8,    8) (   8,    8) (   8,    8) (   8,    8) (   8,    8) (   8,    8) (   8,    8) (   8,    8)
          (   8,    8) (   8,    8) (   8,    8) (   8,    8) (   8,    8) (   8,    8) (   8,    8) (   8,    8) (   8,    8) (   8,    8)
          (   8,    8) (   8,    8) (   8,    8) (   8,    8) (   8,    8) (   8,    8) (   8,    8) (   8,    8) (   8,    8) (   8,    8)
          (   8,    8) (   8,    8) (   8,    8) (   8,    8) (   8,    8) (   8,    8) (   8,    8) (   8,    8) (   8,    8) (   8,    8)
          (   8,    8) (   8,    8) (   8,    8) (   8,    8) (   8,    8) (   8,    8) (   8,    8) (   8,    8) (   8,    8) (   8,    8)
          (   8,    8) (   8,    8) (   8,    8) (   8,    8) (   8,    8) (   8,    8) (   8,    8) (   8,    8) (   8,    8) (   8,    8)
          (   8,    8) (   8,    8) (   8,    8) (   8,    8) (   8,    8) (   8,    8) (   8,    8) (   8,    8) (   8,    8) (   8,    8)
          (   8,    8) (   8,    8) (   8,    8) (   8,    8) (   8,    8) (   8,    8) (   8,    8) (   8,    8) (   8,    8) (   8,    8)
         
node   9 sent_total   5686  recv_total   5659

node  10  (   0,    0) (   0,    0) (   1,    0) (   0,    0) (   9,    2) (   9,    9) (   9,    9) (   9,    9) (   9,    9) (   9,    9)
          (   9,    9) (   9,    9) (   9,    9) (   9,    9) (   9,    9) (   9,    9) (   9,    9) (   9,    9) (   9,    9) (   9,    9)
          (   9,    9) (   9,    9) (   9,    9) (   9,    9) (   9,    9) (   9,    9) (   9,    9) (   9,    9) (   9,    9) (   9,    9)
          (   9,    9) (   9,    9) (   9,    9) (   9,    9) (   9,    9) (   9,    9) (   9,    9) (   9,    9) (   9,    9) (   9,    9)
          (   9,    9) (   9,    9) (   9,    9) (   9,    9) (   9,    9) (   9,    9) (   9,    9) (   9,    9) (   9,    9) (   9,    9)
          (   9,    9) (   9,    9) (   9,    9) (   9,    9) (   9,    9) (   9,    9) (   9,    9) (   9,    9) (   9,    9) (   9,    9)
          (   9,    9) (   9,    9) (   9,    9) (   9,    9) (   9,    9) (   9,    9) (   9,    9) (   9,    9) (   9,    9) (   9,    9)
          (   9,    9) (   9,    9) (   9,    9) (   9,    9) (   9,    9) (   9,    9) (   9,    9) (   9,    9) (   9,    9) (   9,    9)
          (   9,    9) (   9,    9) (   9,    9) (   9,    9) (   9,    9) (   9,    9) (   9,    9) (   9,    9) (   9,    9) (   9,    9)
          (   9,    9) (   9,    9) (   9,    9) (   9,    9) (   9,    9) (   9,    9) (   9,    9) (   9,    9) (   9,    9) (   9,    9)
          (   9,    9) (   9,    9) (   9,    8) (   9,    8) (   9,    8) (   9,    8) (   9,    8) (   9,    8) (   9,    8) (   9,    8)
          (   9,    8) (   9,    8) (   9,    8) (   9,    8) (   9,    8) (   9,    8) (   9,    8) (   9,    8) (   9,    8) (   9,    8)
          (   9,    8) (   8,    8) (   8,    8) (   8,    8) (   8,    8) (   8,    8) (   8,    8) (   8,    8) (   8,    8) (   8,    8)
          (   8,    8) (   8,    8) (   8,    8) (   8,    8) (   8,    8) (   8,    8) (   8,    8) (   8,    8) (   8,    8) (   8,    8)
          (   8,    8) (   8,    8) (   8,    8) (   8,    8) (   8,    8) (   8,    8) (   8,    8) (   8,    8) (   8,    8) (   8,    8)
          (   8,    8) (   8,    8) (   8,    8) (   8,    8) (   8,    8) (   8,    8) (   8,    8) (   8,    8) (   8,    8) (   8,    8)
          (   8,    8) (   8,    8) (   8,    8) (   8,    8) (   8,    8) (   8,    8) (   8,    8) (   8,    8) (   8,    8) (   8,    8)
          (   8,    8) (   8,    8) (   8,    8) (   8,    8) (   8,    8) (   8,    8) (   8,    8) (   8,    8) (   8,    8) (   8,    8)
          (   8,    8) (   8,    8) (   8,    8) (   8,    8) (   8,    8) (   8,    8) (   8,    8) (   8,    8) (   8,    8) (   8,    8)
          (   8,    8) (   8,    8) (   8,    8) (   8,    8) (   8,    8) (   8,    8) (   8,    8) (   8,    8) (   8,    8) (   8,    8)
          (   8,    8) (   8,    8) (   8,    8) (   8,    8) (   8,    8) (   8,    8) (   8,    8) (   8,    8) (   8,    8) (   8,    8)
          (   8,    8) (   8,    8) (   8,    8) (   8,    8) (   8,    8) (   8,    8) (   8,    8) (   8,    8) (   8,    8) (   8,    8)
          (   8,    8) (   8,    8) (   8,    8) (   8,    8) (   8,    8) (   8,    8) (   8,    8) (   8,    8) (   8,    8) (   8,    8)
          (   8,    8) (   8,    8) (   8,    8) (   8,    8) (   8,    8) (   8,    8) (   8,    8) (   8,    8) (   8,    8) (   8,    8)
          (   8,    8) (   8,    8) (   8,    8) (   8,    8) (   8,    8) (   8,    8) (   8,    8) (   8,    8) (   8,    8) (   8,    8)
          (   8,    8) (   8,    8) (   8,    8) (   8,    8) (   8,    8) (   8,    8) (   8,    8) (   8,    8) (   8,    8) (   8,    8)
          (   8,    8) (   8,    8) (   8,    8) (   8,    8) (   8,    8) (   8,    8) (   8,    8) (   8,    8) (   8,    8) (   8,    8)
          (   8,    8) (   8,    8) (   8,    8) (   8,    8) (   8,    8) (   8,    8) (   8,    8) (   8,    8) (   8,    8) (   8,    8)
          (   8,    8) (   8,    8) (   8,    8) (   8,    8) (   8,    8) (   8,    8) (   8,    8) (   8,    8) (   8,    8) (   8,    8)
          (   8,    8) (   8,    8) (   8,    8) (   8,    8) (   8,    8) (   8,    8) (   8,    8) (   8,    8) (   8,    8) (   8,    8)
          (   8,    8) (   8,    8) (   8,    8) (   8,    8) (   8,    8) (   8,    8) (   8,    8) (   8,    8) (   8,    8) (   8,    8)
          (   8,    8) (   8,    8) (   8,    8) (   8,    8) (   8,    8) (   8,    8) (   8,    8) (   8,    8) (   8,    8) (   8,    8)
          (   8,    8) (   8,    8) (   8,    8) (   8,    8) (   8,    8) (   8,    8) (   8,    8) (   8,    8) (   8,    8) (   8,    8)
          (   8,    8) (   8,    8) (   8,    8) (   8,    8) (   8,    8) (   8,    8) (   8,    8) (   8,    8) (   8,    8) (   8,    8)
          (   8,    8) (   8,    8) (   8,    8) (   8,    8) (   8,    8) (   8,    8) (   8,    8) (   8,    8) (   8,    8) (   8,    8)
          (   8,    8) (   8,    8) (   8,    8) (   8,    8) (   8,    8) (   8,    8) (   8,    8) (   8,    8) (   8,    8) (   8,    8)
          (   8,    8) (   8,    8) (   8,    8) (   8,    8) (   8,    8) (   8,    8) (   8,    8) (   8,    8) (   8,    8) (   8,    8)
          (   8,    8) (   8,    8) (   8,    8) (   8,    8) (   8,    8) (   8,    8) (   8,    8) (   8,    8) (   8,    8) (   8,    8)
          (   8,    8) (   8,    8) (   8,    8) (   8,    8) (   8,    8) (   8,    8) (   8,    8) (   8,    8) (   8,    8) (   8,    8)
          (   8,    8) (   8,    8) (   8,    8) (   8,    8) (   8,    8) (   8,    8) (   8,    8) (   8,    8) (   8,    8) (   8,    8)
          (   8,    8) (   8,    8) (   8,    8) (   8,    8) (   8,    8) (   8,    8) (   8,    8) (   8,    8) (   8,    8) (   8,    8)
          (   8,    8) (   8,    8) (   8,    8) (   8,    8) (   8,    8) (   8,    8) (   8,    8) (   8,    8) (   8,    8) (   8,    8)
          (   8,    8) (   8,    8) (   8,    8) (   8,    8) (   8,    8) (   8,    8) (   8,    8) (   8,    8) (   8,    8) (   8,    8)
          (   8,    8) (   8,    8) (   8,    8) (   8,    8) (   8,    8) (   8,    8) (   8,    8) (   8,    8) (   8,    8) (   8,    8)
          (   8,    8) (   8,    8) (   8,    8) (   8,    8) (   8,    8) (   8,    8) (   8,    8) (   8,    8) (   8,    8) (   8,    8)
          (   8,    8) (   8,    8) (   8,    8) (   8,    8) (   8,    8) (   8,    8) (   8,    8) (   8,    8) (   8,    8) (   8,    8)
          (   8,    8) (   8,    8) (   8,    8) (   8,    8) (   8,    8) (   8,    8) (   8,    8) (   8,    8) (   8,    8) (   8,    8)
          (   8,    8) (   8,    8) (   8,    8) (   8,    8) (   8,    8) (   8,    8) (   8,    8) (   8,    8) (   8,    8) (   8,    8)
          (   8,    8) (   8,    8) (   8,    8) (   8,    8) (   8,    8) (   8,    8) (   8,    8) (   8,    8) (   8,    8) (   8,    8)
          (   8,    8) (   8,    8) (   8,    8) (   8,    8) (   8,    8) (   8,    8) (   8,    8) (   8,    8) (   8,    8) (   8,    8)
          (   8,    8) (   8,    8) (   8,    8) (   8,    8) (   8,    8) (   8,    8) (   8,    8) (   8,    8) (   8,    8) (   8,    8)
          (   8,    8) (   8,    8) (   8,    8) (   8,    8) (   8,    8) (   8,    8) (   8,    8) (   8,    8) (   8,    8) (   8,    8)
          (   8,    8) (   8,    8) (   8,    8) (   8,    8) (   8,    8) (   8,    8) (   8,    8) (   8,    8) (   8,    8) (   8,    8)
          (   8,    8) (   8,    8) (   8,    8) (   8,    8) (   8,    8) (   8,    8) (   8,    8) (   8,    8) (   8,    8) (   8,    8)
          (   8,    8) (   8,    8) (   8,    8) (   8,    8) (   8,    8) (   8,    8) (   8,    8) (   8,    8) (   8,    8) (   8,    8)
          (   8,    8) (   8,    8) (   8,    8) (   8,    8) (   8,    8) (   8,    8) (   8,    8) (   8,    8) (   8,    8) (   8,    8)
          (   8,    8) (   8,    8) (   8,    8) (   8,    8) (   8,    8) (   8,    8) (   8,    8) (   8,    8) (   8,    8) (   8,    8)
          (   8,    8) (   8,    8) (   8,    8) (   8,    8) (   8,    8) (   8,    8) (   8,    8) (   8,    8) (   8,    8) (   8,    8)
          (   8,    8) (   8,    8) (   8,    8) (   8,    8) (   8,    8) (   8,    8) (   8,    8) (   8,    8) (   8,    8) (   8,    8)
          (   8,    8) (   8,    8) (   8,    8) (   8,    8) (   8,    8) (   8,    8) (   8,    8) (   8,    8) (   8,    8) (   8,    8)
          (   8,    8) (   8,    8) (   8,    8) (   8,    8) (   8,    8) (   8,    8) (   8,    8) (   8,    8) (   8,    8) (   8,    8)
          (   8,    8) (   8,    8) (   8,    8) (   8,    8) (   8,    8) (   8,    8) (   8,    8) (   8,    8) (   8,    8) (   8,    8)
          (   8,    8) (   8,    8) (   8,    8) (   8,    8) (   8,    8) (   8,    8) (   8,    8) (   8,    8) (   8,    8) (   8,    8)
          (   8,    8) (   8,    8) (   8,    8) (   8,    8) (   8,    8) (   8,    8) (   8,    8) (   8,    8) (   8,    8) (   8,    8)
          (   8,    8) (   8,    8) (   8,    8) (   8,    8) (   8,    8) (   8,    8) (   8,    8) (   8,    8) (   8,    8) (   8,    8)
          (   8,    8) (   8,    8) (   8,    8) (   8,    8) (   8,    8) (   8,    8) (   8,    8) (   8,    8) (   8,    8) (   8,    8)
          (   8,    8) (   8,    8) (   8,    8) (   8,    8) (   8,    8) (   8,    8) (   8,    8) (   8,    8) (   8,    8) (   8,    8)
          (   8,    8) (   8,    8) (   8,    8) (   8,    8) (   8,    8) (   8,    8) (   8,    8) (   8,    8) (   8,    8) (   8,    8)
          (   8,    8) (   8,    8) (   8,    8) (   8,    8) (   8,    8) (   8,    8) (   8,    8) (   8,    8) (   8,    8) (   8,    8)
          (   8,    8) (   8,    8) (   8,    8) (   8,    8) (   8,    8) (   8,    8) (   8,    8) (   8,    8) (   8,    8) (   8,    8)
         
node  10 sent_total   5686  recv_total   5659

